2025-11-11 21:42:05.0656 | INFO | Microsoft.AspNetCore.DataProtection.KeyManagement.XmlKeyManager | User profile is available. Using 'C:\Users\kayad\AppData\Local\ASP.NET\DataProtection-Keys' as key repository and Windows DPAPI to encrypt keys at rest. 
2025-11-11 21:42:05.6091 | INFO | HMSAPI.Startup | Application Starting... 
2025-11-11 21:42:06.5611 | INFO | Microsoft.Hosting.Lifetime | Now listening on: https://localhost:7032 
2025-11-11 21:42:06.5611 | INFO | Microsoft.Hosting.Lifetime | Now listening on: http://localhost:5038 
2025-11-11 21:42:06.6984 | INFO | Microsoft.Hosting.Lifetime | Application started. Press Ctrl+C to shut down. 
2025-11-11 21:42:06.6984 | INFO | Microsoft.Hosting.Lifetime | Hosting environment: Development 
2025-11-11 21:42:06.6984 | INFO | Microsoft.Hosting.Lifetime | Content root path: D:\Programming\HMS\HMSAPI\API\HMSAPI 
2025-11-11 21:42:07.6754 | INFO | Microsoft.AspNetCore.Hosting.Diagnostics | Request starting HTTP/2 GET https://localhost:7032/_vs/browserLink - - - 
2025-11-11 21:42:07.6754 | INFO | Microsoft.AspNetCore.Hosting.Diagnostics | Request starting HTTP/2 GET https://localhost:7032/_framework/aspnetcore-browser-refresh.js - - - 
2025-11-11 21:42:07.8332 | INFO | Microsoft.AspNetCore.Hosting.Diagnostics | Request finished HTTP/2 GET https://localhost:7032/_framework/aspnetcore-browser-refresh.js - 200 16497 application/javascript;+charset=utf-8 141.6905ms 
2025-11-11 21:42:08.4349 | INFO | Microsoft.AspNetCore.Hosting.Diagnostics | Request finished HTTP/2 GET https://localhost:7032/_vs/browserLink - 200 - text/javascript;+charset=UTF-8 776.5711ms 
2025-11-11 21:42:08.5462 | INFO | Microsoft.AspNetCore.Hosting.Diagnostics | Request starting HTTP/2 GET https://localhost:7032/swagger/v1/swagger.json - - - 
2025-11-11 21:42:08.6528 | INFO | Microsoft.AspNetCore.Hosting.Diagnostics | Request finished HTTP/2 GET https://localhost:7032/swagger/v1/swagger.json - 200 - application/json;charset=utf-8 106.5897ms 
2025-11-11 21:49:59.1856 | INFO | Microsoft.AspNetCore.DataProtection.KeyManagement.XmlKeyManager | User profile is available. Using 'C:\Users\kayad\AppData\Local\ASP.NET\DataProtection-Keys' as key repository and Windows DPAPI to encrypt keys at rest. 
2025-11-11 21:49:59.4357 | INFO | HMSAPI.Startup | Application Starting... 
2025-11-11 21:50:00.0729 | INFO | Microsoft.Hosting.Lifetime | Now listening on: https://localhost:7032 
2025-11-11 21:50:00.0729 | INFO | Microsoft.Hosting.Lifetime | Now listening on: http://localhost:5038 
2025-11-11 21:50:00.1702 | INFO | Microsoft.Hosting.Lifetime | Application started. Press Ctrl+C to shut down. 
2025-11-11 21:50:00.1702 | INFO | Microsoft.Hosting.Lifetime | Hosting environment: Development 
2025-11-11 21:50:00.1702 | INFO | Microsoft.Hosting.Lifetime | Content root path: D:\Programming\HMS\HMSAPI\API\HMSAPI 
2025-11-11 21:50:00.9900 | INFO | Microsoft.AspNetCore.Hosting.Diagnostics | Request starting HTTP/2 GET https://localhost:7032/_framework/aspnetcore-browser-refresh.js - - - 
2025-11-11 21:50:00.9900 | INFO | Microsoft.AspNetCore.Hosting.Diagnostics | Request starting HTTP/2 GET https://localhost:7032/_vs/browserLink - - - 
2025-11-11 21:50:01.0521 | INFO | Microsoft.AspNetCore.Hosting.Diagnostics | Request finished HTTP/2 GET https://localhost:7032/_framework/aspnetcore-browser-refresh.js - 200 16497 application/javascript;+charset=utf-8 79.5610ms 
2025-11-11 21:50:01.1353 | INFO | Microsoft.AspNetCore.Hosting.Diagnostics | Request finished HTTP/2 GET https://localhost:7032/_vs/browserLink - 200 - text/javascript;+charset=UTF-8 165.6177ms 
2025-11-11 21:50:01.2833 | INFO | Microsoft.AspNetCore.Hosting.Diagnostics | Request starting HTTP/2 GET https://localhost:7032/swagger/v1/swagger.json - - - 
2025-11-11 21:50:01.3219 | INFO | Microsoft.AspNetCore.Hosting.Diagnostics | Request finished HTTP/2 GET https://localhost:7032/swagger/v1/swagger.json - 200 - application/json;charset=utf-8 39.0731ms 
2025-11-11 21:50:25.9209 | INFO | Microsoft.AspNetCore.Hosting.Diagnostics | Request starting HTTP/2 POST https://localhost:7032/api/CLLogin/Invite - application/json 110 
2025-11-11 21:50:26.0632 | INFO | Microsoft.AspNetCore.Cors.Infrastructure.CorsService | CORS policy execution successful. 
2025-11-11 21:50:30.9208 | INFO | Microsoft.AspNetCore.Authentication.JwtBearer.JwtBearerHandler | Failed to validate the token. IDX14102: Unable to decode the header '[PII of type 'Microsoft.IdentityModel.Logging.SecurityArtifact' is hidden. For more details, see https://aka.ms/IdentityModel/PII.]' as Base64Url encoded string.    at Microsoft.IdentityModel.JsonWebTokens.JsonWebToken.ReadToken(ReadOnlyMemory`1 encodedTokenMemory)
   at Microsoft.IdentityModel.JsonWebTokens.JsonWebToken..ctor(String jwtEncodedString, TryReadJwtClaim tryReadJwtClaim)
   at Microsoft.IdentityModel.JsonWebTokens.JsonWebTokenHandler.ReadToken(String token, TokenValidationParameters validationParameters)
2025-11-11 21:50:31.1199 | INFO | Microsoft.AspNetCore.Authentication.JwtBearer.JwtBearerHandler | Bearer was not authenticated. Failure message: IDX14102: Unable to decode the header '[PII of type 'Microsoft.IdentityModel.Logging.SecurityArtifact' is hidden. For more details, see https://aka.ms/IdentityModel/PII.]' as Base64Url encoded string. 
2025-11-11 21:50:31.1390 | INFO | Microsoft.AspNetCore.Routing.EndpointMiddleware | Executing endpoint 'HMSAPI.Controllers.Auth.CLLoginController.Invite (HMSAPI)' 
2025-11-11 21:50:31.2618 | INFO | Microsoft.AspNetCore.Mvc.Infrastructure.ControllerActionInvoker | Route matched with {action = "Invite", controller = "CLLogin"}. Executing controller action with signature Microsoft.AspNetCore.Mvc.IActionResult Invite(HMSMAL.DTO.Auth.Invitation) on controller HMSAPI.Controllers.Auth.CLLoginController (HMSAPI). 
2025-11-11 21:50:31.5542 | INFO | Microsoft.AspNetCore.Mvc.Infrastructure.ObjectResultExecutor | Executing BadRequestObjectResult, writing value of type 'Microsoft.AspNetCore.Mvc.ValidationProblemDetails'. 
2025-11-11 21:50:31.6782 | INFO | Microsoft.AspNetCore.Mvc.Infrastructure.ControllerActionInvoker | Executed action HMSAPI.Controllers.Auth.CLLoginController.Invite (HMSAPI) in 371.8017ms 
2025-11-11 21:50:31.6849 | INFO | Microsoft.AspNetCore.Routing.EndpointMiddleware | Executed endpoint 'HMSAPI.Controllers.Auth.CLLoginController.Invite (HMSAPI)' 
2025-11-11 21:50:31.6849 | INFO | Microsoft.AspNetCore.Hosting.Diagnostics | Request finished HTTP/2 POST https://localhost:7032/api/CLLogin/Invite - 400 - application/problem+json;+charset=utf-8 5774.7007ms 
2025-11-11 22:16:08.4558 | INFO | Microsoft.AspNetCore.DataProtection.KeyManagement.XmlKeyManager | User profile is available. Using 'C:\Users\kayad\AppData\Local\ASP.NET\DataProtection-Keys' as key repository and Windows DPAPI to encrypt keys at rest. 
2025-11-11 22:16:08.6870 | INFO | HMSAPI.Startup | Application Starting... 
2025-11-11 22:16:09.2318 | INFO | Microsoft.Hosting.Lifetime | Now listening on: https://localhost:7032 
2025-11-11 22:16:09.2318 | INFO | Microsoft.Hosting.Lifetime | Now listening on: http://localhost:5038 
2025-11-11 22:16:09.3125 | INFO | Microsoft.Hosting.Lifetime | Application started. Press Ctrl+C to shut down. 
2025-11-11 22:16:09.3125 | INFO | Microsoft.Hosting.Lifetime | Hosting environment: Development 
2025-11-11 22:16:09.3125 | INFO | Microsoft.Hosting.Lifetime | Content root path: D:\Programming\HMS\HMSAPI\API\HMSAPI 
2025-11-11 22:16:10.0564 | INFO | Microsoft.AspNetCore.Hosting.Diagnostics | Request starting HTTP/2 GET https://localhost:7032/_framework/aspnetcore-browser-refresh.js - - - 
2025-11-11 22:16:10.0564 | INFO | Microsoft.AspNetCore.Hosting.Diagnostics | Request starting HTTP/2 GET https://localhost:7032/_vs/browserLink - - - 
2025-11-11 22:16:10.0951 | INFO | Microsoft.AspNetCore.Hosting.Diagnostics | Request finished HTTP/2 GET https://localhost:7032/_framework/aspnetcore-browser-refresh.js - 200 16497 application/javascript;+charset=utf-8 51.5739ms 
2025-11-11 22:16:10.1537 | INFO | Microsoft.AspNetCore.Hosting.Diagnostics | Request finished HTTP/2 GET https://localhost:7032/_vs/browserLink - 200 - text/javascript;+charset=UTF-8 113.3801ms 
2025-11-11 22:16:10.1981 | INFO | Microsoft.AspNetCore.Hosting.Diagnostics | Request starting HTTP/2 GET https://localhost:7032/swagger/v1/swagger.json - - - 
2025-11-11 22:16:10.2229 | INFO | Microsoft.AspNetCore.Hosting.Diagnostics | Request finished HTTP/2 GET https://localhost:7032/swagger/v1/swagger.json - 200 - application/json;charset=utf-8 24.8784ms 
2025-11-11 22:17:04.0964 | INFO | Microsoft.AspNetCore.Hosting.Diagnostics | Request starting HTTP/2 POST https://localhost:7032/api/CLLogin/Invite - application/json 108 
2025-11-11 22:17:04.1530 | INFO | Microsoft.AspNetCore.Cors.Infrastructure.CorsService | CORS policy execution successful. 
2025-11-11 22:17:04.3555 | INFO | Microsoft.AspNetCore.Authentication.JwtBearer.JwtBearerHandler | Failed to validate the token. IDX14102: Unable to decode the header '[PII of type 'Microsoft.IdentityModel.Logging.SecurityArtifact' is hidden. For more details, see https://aka.ms/IdentityModel/PII.]' as Base64Url encoded string.    at Microsoft.IdentityModel.JsonWebTokens.JsonWebToken.ReadToken(ReadOnlyMemory`1 encodedTokenMemory)
   at Microsoft.IdentityModel.JsonWebTokens.JsonWebToken..ctor(String jwtEncodedString, TryReadJwtClaim tryReadJwtClaim)
   at Microsoft.IdentityModel.JsonWebTokens.JsonWebTokenHandler.ReadToken(String token, TokenValidationParameters validationParameters)
2025-11-11 22:17:04.3864 | INFO | Microsoft.AspNetCore.Authentication.JwtBearer.JwtBearerHandler | Bearer was not authenticated. Failure message: IDX14102: Unable to decode the header '[PII of type 'Microsoft.IdentityModel.Logging.SecurityArtifact' is hidden. For more details, see https://aka.ms/IdentityModel/PII.]' as Base64Url encoded string. 
2025-11-11 22:17:04.4054 | INFO | Microsoft.AspNetCore.Routing.EndpointMiddleware | Executing endpoint 'HMSAPI.Controllers.Auth.CLLoginController.Invite (HMSAPI)' 
2025-11-11 22:17:04.4470 | INFO | Microsoft.AspNetCore.Mvc.Infrastructure.ControllerActionInvoker | Route matched with {action = "Invite", controller = "CLLogin"}. Executing controller action with signature Microsoft.AspNetCore.Mvc.IActionResult Invite(HMSMAL.DTO.Auth.DTOInvitation) on controller HMSAPI.Controllers.Auth.CLLoginController (HMSAPI). 
2025-11-11 22:18:04.5848 | INFO | Microsoft.AspNetCore.DataProtection.KeyManagement.XmlKeyManager | User profile is available. Using 'C:\Users\kayad\AppData\Local\ASP.NET\DataProtection-Keys' as key repository and Windows DPAPI to encrypt keys at rest. 
2025-11-11 22:18:04.7397 | INFO | HMSAPI.Startup | Application Starting... 
2025-11-11 22:18:05.2324 | INFO | Microsoft.Hosting.Lifetime | Now listening on: https://localhost:7032 
2025-11-11 22:18:05.2324 | INFO | Microsoft.Hosting.Lifetime | Now listening on: http://localhost:5038 
2025-11-11 22:18:05.2876 | INFO | Microsoft.Hosting.Lifetime | Application started. Press Ctrl+C to shut down. 
2025-11-11 22:18:05.2876 | INFO | Microsoft.Hosting.Lifetime | Hosting environment: Development 
2025-11-11 22:18:05.2876 | INFO | Microsoft.Hosting.Lifetime | Content root path: D:\Programming\HMS\HMSAPI\API\HMSAPI 
2025-11-11 22:18:06.6429 | INFO | Microsoft.AspNetCore.Hosting.Diagnostics | Request starting HTTP/2 GET https://localhost:7032/_vs/browserLink - - - 
2025-11-11 22:18:06.6429 | INFO | Microsoft.AspNetCore.Hosting.Diagnostics | Request starting HTTP/2 GET https://localhost:7032/_framework/aspnetcore-browser-refresh.js - - - 
2025-11-11 22:18:06.6931 | INFO | Microsoft.AspNetCore.Hosting.Diagnostics | Request finished HTTP/2 GET https://localhost:7032/_framework/aspnetcore-browser-refresh.js - 200 16497 application/javascript;+charset=utf-8 61.6234ms 
2025-11-11 22:18:06.7892 | INFO | Microsoft.AspNetCore.Hosting.Diagnostics | Request finished HTTP/2 GET https://localhost:7032/_vs/browserLink - 200 - text/javascript;+charset=UTF-8 161.5739ms 
2025-11-11 22:18:06.8677 | INFO | Microsoft.AspNetCore.Hosting.Diagnostics | Request starting HTTP/2 GET https://localhost:7032/swagger/v1/swagger.json - - - 
2025-11-11 22:18:06.9025 | INFO | Microsoft.AspNetCore.Hosting.Diagnostics | Request finished HTTP/2 GET https://localhost:7032/swagger/v1/swagger.json - 200 - application/json;charset=utf-8 34.7916ms 
2025-11-11 22:18:25.8767 | INFO | Microsoft.AspNetCore.Hosting.Diagnostics | Request starting HTTP/2 POST https://localhost:7032/api/CLLogin/Invite - application/json 108 
2025-11-11 22:18:26.0065 | INFO | Microsoft.AspNetCore.Cors.Infrastructure.CorsService | CORS policy execution successful. 
2025-11-11 22:18:26.2658 | INFO | Microsoft.AspNetCore.Authentication.JwtBearer.JwtBearerHandler | Failed to validate the token. IDX14102: Unable to decode the header '[PII of type 'Microsoft.IdentityModel.Logging.SecurityArtifact' is hidden. For more details, see https://aka.ms/IdentityModel/PII.]' as Base64Url encoded string.    at Microsoft.IdentityModel.JsonWebTokens.JsonWebToken.ReadToken(ReadOnlyMemory`1 encodedTokenMemory)
   at Microsoft.IdentityModel.JsonWebTokens.JsonWebToken..ctor(String jwtEncodedString, TryReadJwtClaim tryReadJwtClaim)
   at Microsoft.IdentityModel.JsonWebTokens.JsonWebTokenHandler.ReadToken(String token, TokenValidationParameters validationParameters)
2025-11-11 22:18:26.3552 | INFO | Microsoft.AspNetCore.Authentication.JwtBearer.JwtBearerHandler | Bearer was not authenticated. Failure message: IDX14102: Unable to decode the header '[PII of type 'Microsoft.IdentityModel.Logging.SecurityArtifact' is hidden. For more details, see https://aka.ms/IdentityModel/PII.]' as Base64Url encoded string. 
2025-11-11 22:18:26.3690 | INFO | Microsoft.AspNetCore.Routing.EndpointMiddleware | Executing endpoint 'HMSAPI.Controllers.Auth.CLLoginController.Invite (HMSAPI)' 
2025-11-11 22:18:26.4662 | INFO | Microsoft.AspNetCore.Mvc.Infrastructure.ControllerActionInvoker | Route matched with {action = "Invite", controller = "CLLogin"}. Executing controller action with signature Microsoft.AspNetCore.Mvc.IActionResult Invite(HMSMAL.DTO.Auth.DTOInvitation) on controller HMSAPI.Controllers.Auth.CLLoginController (HMSAPI). 
2025-11-11 22:19:04.0087 | INFO | Microsoft.AspNetCore.Mvc.Infrastructure.ControllerActionInvoker | Executed action HMSAPI.Controllers.Auth.CLLoginController.Invite (HMSAPI) in 37522.4396ms 
2025-11-11 22:19:04.0098 | INFO | Microsoft.AspNetCore.Routing.EndpointMiddleware | Executed endpoint 'HMSAPI.Controllers.Auth.CLLoginController.Invite (HMSAPI)' 
2025-11-11 22:19:04.0299 | ERROR | Microsoft.AspNetCore.Diagnostics.DeveloperExceptionPageMiddleware | An unhandled exception has occurred while executing the request. Table 'hospitalmanagement.invitation' doesn't exist    at MySql.Data.MySqlClient.MySqlStream.ReadPacketAsync(Boolean execAsync)
   at MySql.Data.MySqlClient.NativeDriver.GetResultAsync(Int32 affectedRow, Int64 insertedId, Boolean execAsync)
   at MySql.Data.MySqlClient.Driver.GetResultAsync(Int32 statementId, Int32 affectedRows, Int64 insertedId, Boolean execAsync)
   at MySql.Data.MySqlClient.Driver.NextResultAsync(Int32 statementId, Boolean force, Boolean execAsync)
   at MySql.Data.MySqlClient.MySqlDataReader.NextResultAsync(Boolean execAsync, CancellationToken cancellationToken)
   at MySql.Data.MySqlClient.MySqlDataReader.NextResultAsync(Boolean execAsync, CancellationToken cancellationToken)
   at MySql.Data.MySqlClient.MySqlCommand.ExecuteReaderAsync(CommandBehavior behavior, Boolean execAsync, CancellationToken cancellationToken)
   at MySql.Data.MySqlClient.MySqlCommand.ExecuteReaderAsync(CommandBehavior behavior, Boolean execAsync, CancellationToken cancellationToken)
   at MySql.Data.MySqlClient.MySqlCommand.ExecuteReaderAsync(CommandBehavior behavior, Boolean execAsync, CancellationToken cancellationToken)
   at MySql.Data.MySqlClient.MySqlCommand.ExecuteScalarAsync(Boolean execAsync, CancellationToken cancellationToken)
   at MySql.Data.MySqlClient.MySqlCommand.ExecuteScalar()
   at ServiceStack.OrmLite.OrmLiteCommand.ExecuteScalar() in /home/runner/work/ServiceStack/ServiceStack/ServiceStack.OrmLite/src/ServiceStack.OrmLite/OrmLiteCommand.cs:line 96
   at ServiceStack.OrmLite.OrmLiteResultsFilterExtensions.Scalar(IDbCommand dbCmd, ISqlExpression sqlExpression) in /home/runner/work/ServiceStack/ServiceStack/ServiceStack.OrmLite/src/ServiceStack.OrmLite/OrmLiteResultsFilterExtensions.cs:line 193
   at ServiceStack.OrmLite.OrmLiteReadApi.<>c__DisplayClass40_0`1.<Exists>b__0(IDbCommand dbCmd) in /home/runner/work/ServiceStack/ServiceStack/ServiceStack.OrmLite/src/ServiceStack.OrmLite/OrmLiteReadApi.cs:line 382
   at ServiceStack.OrmLite.OrmLiteExecFilter.Exec[T](IDbConnection dbConn, Func`2 filter) in /home/runner/work/ServiceStack/ServiceStack/ServiceStack.OrmLite/src/ServiceStack.OrmLite/OrmLiteExecFilter.cs:line 70
   at ServiceStack.OrmLite.OrmLiteReadExpressionsApi.Exec[T](IDbConnection dbConn, Func`2 filter) in /home/runner/work/ServiceStack/ServiceStack/ServiceStack.OrmLite/src/ServiceStack.OrmLite/OrmLiteReadExpressionsApi.cs:line 19
   at ServiceStack.OrmLite.OrmLiteReadApi.Exists[T](IDbConnection dbConn, Expression`1 expression) in /home/runner/work/ServiceStack/ServiceStack/ServiceStack.OrmLite/src/ServiceStack.OrmLite/OrmLiteReadApi.cs:line 382
   at HMSBAL.Services.Auth.BLLoginHandler.ValidateInvitation(DTOInvitation objInv) in D:\Programming\HMS\HMSAPI\API\HMSBAL\Services\Auth\BLLoginHandler.cs:line 125
   at HMSBAL.Services.Auth.BLLoginHandler.Invite(DTOInvitation objInv) in D:\Programming\HMS\HMSAPI\API\HMSBAL\Services\Auth\BLLoginHandler.cs:line 107
   at HMSAPI.Controllers.Auth.CLLoginController.Invite(DTOInvitation objInv) in D:\Programming\HMS\HMSAPI\API\HMSAPI\Controllers\Auth\CLLoginController.cs:line 40
   at lambda_method3(Closure, Object, Object[])
   at Microsoft.AspNetCore.Mvc.Infrastructure.ActionMethodExecutor.SyncActionResultExecutor.Execute(ActionContext actionContext, IActionResultTypeMapper mapper, ObjectMethodExecutor executor, Object controller, Object[] arguments)
   at Microsoft.AspNetCore.Mvc.Infrastructure.ControllerActionInvoker.InvokeActionMethodAsync()
   at Microsoft.AspNetCore.Mvc.Infrastructure.ControllerActionInvoker.Next(State& next, Scope& scope, Object& state, Boolean& isCompleted)
   at Microsoft.AspNetCore.Mvc.Infrastructure.ControllerActionInvoker.InvokeNextActionFilterAsync()
--- End of stack trace from previous location ---
   at Microsoft.AspNetCore.Mvc.Infrastructure.ControllerActionInvoker.Rethrow(ActionExecutedContextSealed context)
   at Microsoft.AspNetCore.Mvc.Infrastructure.ControllerActionInvoker.Next(State& next, Scope& scope, Object& state, Boolean& isCompleted)
   at Microsoft.AspNetCore.Mvc.Infrastructure.ControllerActionInvoker.InvokeInnerFilterAsync()
--- End of stack trace from previous location ---
   at Microsoft.AspNetCore.Mvc.Infrastructure.ResourceInvoker.<InvokeFilterPipelineAsync>g__Awaited|20_0(ResourceInvoker invoker, Task lastTask, State next, Scope scope, Object state, Boolean isCompleted)
   at Microsoft.AspNetCore.Mvc.Infrastructure.ResourceInvoker.<InvokeAsync>g__Logged|17_1(ResourceInvoker invoker)
   at Microsoft.AspNetCore.Mvc.Infrastructure.ResourceInvoker.<InvokeAsync>g__Logged|17_1(ResourceInvoker invoker)
   at Microsoft.AspNetCore.Routing.EndpointMiddleware.<Invoke>g__AwaitRequestTask|7_0(Endpoint endpoint, Task requestTask, ILogger logger)
   at Microsoft.AspNetCore.Authorization.AuthorizationMiddleware.Invoke(HttpContext context)
   at Microsoft.AspNetCore.Authentication.AuthenticationMiddleware.Invoke(HttpContext context)
   at Swashbuckle.AspNetCore.SwaggerUI.SwaggerUIMiddleware.Invoke(HttpContext httpContext)
   at Swashbuckle.AspNetCore.Swagger.SwaggerMiddleware.Invoke(HttpContext httpContext, ISwaggerProvider swaggerProvider)
   at Microsoft.AspNetCore.Diagnostics.DeveloperExceptionPageMiddlewareImpl.Invoke(HttpContext context)
2025-11-11 22:19:05.7156 | INFO | Microsoft.AspNetCore.Hosting.Diagnostics | Request finished HTTP/2 POST https://localhost:7032/api/CLLogin/Invite - 500 - text/plain;+charset=utf-8 39839.0140ms 
2025-11-11 22:21:31.3687 | INFO | Microsoft.AspNetCore.DataProtection.KeyManagement.XmlKeyManager | User profile is available. Using 'C:\Users\kayad\AppData\Local\ASP.NET\DataProtection-Keys' as key repository and Windows DPAPI to encrypt keys at rest. 
2025-11-11 22:21:31.6289 | INFO | HMSAPI.Startup | Application Starting... 
2025-11-11 22:21:32.3438 | INFO | Microsoft.Hosting.Lifetime | Now listening on: https://localhost:7032 
2025-11-11 22:21:32.3438 | INFO | Microsoft.Hosting.Lifetime | Now listening on: http://localhost:5038 
2025-11-11 22:21:32.4353 | INFO | Microsoft.Hosting.Lifetime | Application started. Press Ctrl+C to shut down. 
2025-11-11 22:21:32.4353 | INFO | Microsoft.Hosting.Lifetime | Hosting environment: Development 
2025-11-11 22:21:32.4353 | INFO | Microsoft.Hosting.Lifetime | Content root path: D:\Programming\HMS\HMSAPI\API\HMSAPI 
2025-11-11 22:21:34.1322 | INFO | Microsoft.AspNetCore.Hosting.Diagnostics | Request starting HTTP/2 GET https://localhost:7032/_vs/browserLink - - - 
2025-11-11 22:21:34.1322 | INFO | Microsoft.AspNetCore.Hosting.Diagnostics | Request starting HTTP/2 GET https://localhost:7032/_framework/aspnetcore-browser-refresh.js - - - 
2025-11-11 22:21:34.1882 | INFO | Microsoft.AspNetCore.Hosting.Diagnostics | Request finished HTTP/2 GET https://localhost:7032/_framework/aspnetcore-browser-refresh.js - 200 16497 application/javascript;+charset=utf-8 64.0403ms 
2025-11-11 22:21:34.2305 | INFO | Microsoft.AspNetCore.Hosting.Diagnostics | Request finished HTTP/2 GET https://localhost:7032/_vs/browserLink - 200 - text/javascript;+charset=UTF-8 110.6058ms 
2025-11-11 22:21:34.2845 | INFO | Microsoft.AspNetCore.Hosting.Diagnostics | Request starting HTTP/2 GET https://localhost:7032/swagger/v1/swagger.json - - - 
2025-11-11 22:21:34.3165 | INFO | Microsoft.AspNetCore.Hosting.Diagnostics | Request finished HTTP/2 GET https://localhost:7032/swagger/v1/swagger.json - 200 - application/json;charset=utf-8 31.9990ms 
2025-11-11 22:21:56.0512 | INFO | Microsoft.AspNetCore.Hosting.Diagnostics | Request starting HTTP/2 POST https://localhost:7032/api/CLLogin/Invite - application/json 108 
2025-11-11 22:21:56.1157 | INFO | Microsoft.AspNetCore.Cors.Infrastructure.CorsService | CORS policy execution successful. 
2025-11-11 22:21:56.2762 | INFO | Microsoft.AspNetCore.Authentication.JwtBearer.JwtBearerHandler | Failed to validate the token. IDX14102: Unable to decode the header '[PII of type 'Microsoft.IdentityModel.Logging.SecurityArtifact' is hidden. For more details, see https://aka.ms/IdentityModel/PII.]' as Base64Url encoded string.    at Microsoft.IdentityModel.JsonWebTokens.JsonWebToken.ReadToken(ReadOnlyMemory`1 encodedTokenMemory)
   at Microsoft.IdentityModel.JsonWebTokens.JsonWebToken..ctor(String jwtEncodedString, TryReadJwtClaim tryReadJwtClaim)
   at Microsoft.IdentityModel.JsonWebTokens.JsonWebTokenHandler.ReadToken(String token, TokenValidationParameters validationParameters)
2025-11-11 22:21:56.3166 | INFO | Microsoft.AspNetCore.Authentication.JwtBearer.JwtBearerHandler | Bearer was not authenticated. Failure message: IDX14102: Unable to decode the header '[PII of type 'Microsoft.IdentityModel.Logging.SecurityArtifact' is hidden. For more details, see https://aka.ms/IdentityModel/PII.]' as Base64Url encoded string. 
2025-11-11 22:21:56.3266 | INFO | Microsoft.AspNetCore.Routing.EndpointMiddleware | Executing endpoint 'HMSAPI.Controllers.Auth.CLLoginController.Invite (HMSAPI)' 
2025-11-11 22:21:56.3701 | INFO | Microsoft.AspNetCore.Mvc.Infrastructure.ControllerActionInvoker | Route matched with {action = "Invite", controller = "CLLogin"}. Executing controller action with signature Microsoft.AspNetCore.Mvc.IActionResult Invite(HMSMAL.DTO.Auth.DTOInvitation) on controller HMSAPI.Controllers.Auth.CLLoginController (HMSAPI). 
2025-11-11 22:22:18.1779 | INFO | Microsoft.AspNetCore.Mvc.Infrastructure.ControllerActionInvoker | Executed action HMSAPI.Controllers.Auth.CLLoginController.Invite (HMSAPI) in 21779.6212ms 
2025-11-11 22:22:18.1966 | INFO | Microsoft.AspNetCore.Routing.EndpointMiddleware | Executed endpoint 'HMSAPI.Controllers.Auth.CLLoginController.Invite (HMSAPI)' 
2025-11-11 22:22:18.2247 | ERROR | Microsoft.AspNetCore.Diagnostics.DeveloperExceptionPageMiddleware | An unhandled exception has occurred while executing the request. Value cannot be null. (Parameter 'Source or Destination is null')    at HMSBAL.Common.BLGlobalClass.CopyProperties[TSource,TDestination](TSource source, TDestination destination) in D:\Programming\HMS\HMSAPI\API\HMSBAL\Common\BLGlobalClass.cs:line 133
   at HMSBAL.Services.Auth.BLLoginHandler.PreSaveInvitation(DTOInvitation objInv) in D:\Programming\HMS\HMSAPI\API\HMSBAL\Services\Auth\BLLoginHandler.cs:line 139
   at HMSBAL.Services.Auth.BLLoginHandler.Invite(DTOInvitation objInv) in D:\Programming\HMS\HMSAPI\API\HMSBAL\Services\Auth\BLLoginHandler.cs:line 111
   at HMSAPI.Controllers.Auth.CLLoginController.Invite(DTOInvitation objInv) in D:\Programming\HMS\HMSAPI\API\HMSAPI\Controllers\Auth\CLLoginController.cs:line 40
   at lambda_method3(Closure, Object, Object[])
   at Microsoft.AspNetCore.Mvc.Infrastructure.ActionMethodExecutor.SyncActionResultExecutor.Execute(ActionContext actionContext, IActionResultTypeMapper mapper, ObjectMethodExecutor executor, Object controller, Object[] arguments)
   at Microsoft.AspNetCore.Mvc.Infrastructure.ControllerActionInvoker.InvokeActionMethodAsync()
   at Microsoft.AspNetCore.Mvc.Infrastructure.ControllerActionInvoker.Next(State& next, Scope& scope, Object& state, Boolean& isCompleted)
   at Microsoft.AspNetCore.Mvc.Infrastructure.ControllerActionInvoker.InvokeNextActionFilterAsync()
--- End of stack trace from previous location ---
   at Microsoft.AspNetCore.Mvc.Infrastructure.ControllerActionInvoker.Rethrow(ActionExecutedContextSealed context)
   at Microsoft.AspNetCore.Mvc.Infrastructure.ControllerActionInvoker.Next(State& next, Scope& scope, Object& state, Boolean& isCompleted)
   at Microsoft.AspNetCore.Mvc.Infrastructure.ControllerActionInvoker.InvokeInnerFilterAsync()
--- End of stack trace from previous location ---
   at Microsoft.AspNetCore.Mvc.Infrastructure.ResourceInvoker.<InvokeFilterPipelineAsync>g__Awaited|20_0(ResourceInvoker invoker, Task lastTask, State next, Scope scope, Object state, Boolean isCompleted)
   at Microsoft.AspNetCore.Mvc.Infrastructure.ResourceInvoker.<InvokeAsync>g__Logged|17_1(ResourceInvoker invoker)
   at Microsoft.AspNetCore.Mvc.Infrastructure.ResourceInvoker.<InvokeAsync>g__Logged|17_1(ResourceInvoker invoker)
   at Microsoft.AspNetCore.Routing.EndpointMiddleware.<Invoke>g__AwaitRequestTask|7_0(Endpoint endpoint, Task requestTask, ILogger logger)
   at Microsoft.AspNetCore.Authorization.AuthorizationMiddleware.Invoke(HttpContext context)
   at Microsoft.AspNetCore.Authentication.AuthenticationMiddleware.Invoke(HttpContext context)
   at Swashbuckle.AspNetCore.SwaggerUI.SwaggerUIMiddleware.Invoke(HttpContext httpContext)
   at Swashbuckle.AspNetCore.Swagger.SwaggerMiddleware.Invoke(HttpContext httpContext, ISwaggerProvider swaggerProvider)
   at Microsoft.AspNetCore.Diagnostics.DeveloperExceptionPageMiddlewareImpl.Invoke(HttpContext context)
2025-11-11 22:22:22.6086 | INFO | Microsoft.AspNetCore.Hosting.Diagnostics | Request finished HTTP/2 POST https://localhost:7032/api/CLLogin/Invite - 500 - text/plain;+charset=utf-8 26557.5023ms 
2025-11-11 22:23:13.6393 | INFO | Microsoft.AspNetCore.DataProtection.KeyManagement.XmlKeyManager | User profile is available. Using 'C:\Users\kayad\AppData\Local\ASP.NET\DataProtection-Keys' as key repository and Windows DPAPI to encrypt keys at rest. 
2025-11-11 22:23:13.8586 | INFO | HMSAPI.Startup | Application Starting... 
2025-11-11 22:23:14.4227 | INFO | Microsoft.Hosting.Lifetime | Now listening on: https://localhost:7032 
2025-11-11 22:23:14.4227 | INFO | Microsoft.Hosting.Lifetime | Now listening on: http://localhost:5038 
2025-11-11 22:23:14.4914 | INFO | Microsoft.Hosting.Lifetime | Application started. Press Ctrl+C to shut down. 
2025-11-11 22:23:14.4946 | INFO | Microsoft.Hosting.Lifetime | Hosting environment: Development 
2025-11-11 22:23:14.4946 | INFO | Microsoft.Hosting.Lifetime | Content root path: D:\Programming\HMS\HMSAPI\API\HMSAPI 
2025-11-11 22:23:17.3048 | INFO | Microsoft.AspNetCore.Hosting.Diagnostics | Request starting HTTP/2 GET https://localhost:7032/_framework/aspnetcore-browser-refresh.js - - - 
2025-11-11 22:23:17.3048 | INFO | Microsoft.AspNetCore.Hosting.Diagnostics | Request starting HTTP/2 GET https://localhost:7032/_vs/browserLink - - - 
2025-11-11 22:23:17.3515 | INFO | Microsoft.AspNetCore.Hosting.Diagnostics | Request finished HTTP/2 GET https://localhost:7032/_framework/aspnetcore-browser-refresh.js - 200 16497 application/javascript;+charset=utf-8 59.5621ms 
2025-11-11 22:23:17.4043 | INFO | Microsoft.AspNetCore.Hosting.Diagnostics | Request finished HTTP/2 GET https://localhost:7032/_vs/browserLink - 200 - text/javascript;+charset=UTF-8 116.9976ms 
2025-11-11 22:23:17.4531 | INFO | Microsoft.AspNetCore.Hosting.Diagnostics | Request starting HTTP/2 GET https://localhost:7032/swagger/v1/swagger.json - - - 
2025-11-11 22:23:17.4814 | INFO | Microsoft.AspNetCore.Hosting.Diagnostics | Request finished HTTP/2 GET https://localhost:7032/swagger/v1/swagger.json - 200 - application/json;charset=utf-8 28.6041ms 
2025-11-11 22:23:35.1741 | INFO | Microsoft.AspNetCore.Hosting.Diagnostics | Request starting HTTP/2 POST https://localhost:7032/api/CLLogin/Invite - application/json 108 
2025-11-11 22:23:35.2680 | INFO | Microsoft.AspNetCore.Cors.Infrastructure.CorsService | CORS policy execution successful. 
2025-11-11 22:23:35.4285 | INFO | Microsoft.AspNetCore.Authentication.JwtBearer.JwtBearerHandler | Failed to validate the token. IDX14102: Unable to decode the header '[PII of type 'Microsoft.IdentityModel.Logging.SecurityArtifact' is hidden. For more details, see https://aka.ms/IdentityModel/PII.]' as Base64Url encoded string.    at Microsoft.IdentityModel.JsonWebTokens.JsonWebToken.ReadToken(ReadOnlyMemory`1 encodedTokenMemory)
   at Microsoft.IdentityModel.JsonWebTokens.JsonWebToken..ctor(String jwtEncodedString, TryReadJwtClaim tryReadJwtClaim)
   at Microsoft.IdentityModel.JsonWebTokens.JsonWebTokenHandler.ReadToken(String token, TokenValidationParameters validationParameters)
2025-11-11 22:23:35.4636 | INFO | Microsoft.AspNetCore.Authentication.JwtBearer.JwtBearerHandler | Bearer was not authenticated. Failure message: IDX14102: Unable to decode the header '[PII of type 'Microsoft.IdentityModel.Logging.SecurityArtifact' is hidden. For more details, see https://aka.ms/IdentityModel/PII.]' as Base64Url encoded string. 
2025-11-11 22:23:35.4636 | INFO | Microsoft.AspNetCore.Routing.EndpointMiddleware | Executing endpoint 'HMSAPI.Controllers.Auth.CLLoginController.Invite (HMSAPI)' 
2025-11-11 22:23:35.5178 | INFO | Microsoft.AspNetCore.Mvc.Infrastructure.ControllerActionInvoker | Route matched with {action = "Invite", controller = "CLLogin"}. Executing controller action with signature Microsoft.AspNetCore.Mvc.IActionResult Invite(HMSMAL.DTO.Auth.DTOInvitation) on controller HMSAPI.Controllers.Auth.CLLoginController (HMSAPI). 
2025-11-11 22:23:46.8602 | INFO | Microsoft.AspNetCore.Mvc.Infrastructure.ControllerActionInvoker | Executed action HMSAPI.Controllers.Auth.CLLoginController.Invite (HMSAPI) in 11319.6412ms 
2025-11-11 22:23:46.8686 | INFO | Microsoft.AspNetCore.Routing.EndpointMiddleware | Executed endpoint 'HMSAPI.Controllers.Auth.CLLoginController.Invite (HMSAPI)' 
2025-11-11 22:23:46.8686 | ERROR | Microsoft.AspNetCore.Diagnostics.DeveloperExceptionPageMiddleware | An unhandled exception has occurred while executing the request. Value cannot be null. (Parameter 'Source or Destination is null')    at HMSBAL.Common.BLGlobalClass.CopyProperties[TSource,TDestination](TSource source, TDestination destination) in D:\Programming\HMS\HMSAPI\API\HMSBAL\Common\BLGlobalClass.cs:line 133
   at HMSBAL.Services.Auth.BLLoginHandler.PreSaveInvitation(DTOInvitation objInv) in D:\Programming\HMS\HMSAPI\API\HMSBAL\Services\Auth\BLLoginHandler.cs:line 139
   at HMSBAL.Services.Auth.BLLoginHandler.Invite(DTOInvitation objInv) in D:\Programming\HMS\HMSAPI\API\HMSBAL\Services\Auth\BLLoginHandler.cs:line 111
   at HMSAPI.Controllers.Auth.CLLoginController.Invite(DTOInvitation objInv) in D:\Programming\HMS\HMSAPI\API\HMSAPI\Controllers\Auth\CLLoginController.cs:line 40
   at lambda_method3(Closure, Object, Object[])
   at Microsoft.AspNetCore.Mvc.Infrastructure.ActionMethodExecutor.SyncActionResultExecutor.Execute(ActionContext actionContext, IActionResultTypeMapper mapper, ObjectMethodExecutor executor, Object controller, Object[] arguments)
   at Microsoft.AspNetCore.Mvc.Infrastructure.ControllerActionInvoker.InvokeActionMethodAsync()
   at Microsoft.AspNetCore.Mvc.Infrastructure.ControllerActionInvoker.Next(State& next, Scope& scope, Object& state, Boolean& isCompleted)
   at Microsoft.AspNetCore.Mvc.Infrastructure.ControllerActionInvoker.InvokeNextActionFilterAsync()
--- End of stack trace from previous location ---
   at Microsoft.AspNetCore.Mvc.Infrastructure.ControllerActionInvoker.Rethrow(ActionExecutedContextSealed context)
   at Microsoft.AspNetCore.Mvc.Infrastructure.ControllerActionInvoker.Next(State& next, Scope& scope, Object& state, Boolean& isCompleted)
   at Microsoft.AspNetCore.Mvc.Infrastructure.ControllerActionInvoker.InvokeInnerFilterAsync()
--- End of stack trace from previous location ---
   at Microsoft.AspNetCore.Mvc.Infrastructure.ResourceInvoker.<InvokeFilterPipelineAsync>g__Awaited|20_0(ResourceInvoker invoker, Task lastTask, State next, Scope scope, Object state, Boolean isCompleted)
   at Microsoft.AspNetCore.Mvc.Infrastructure.ResourceInvoker.<InvokeAsync>g__Logged|17_1(ResourceInvoker invoker)
   at Microsoft.AspNetCore.Mvc.Infrastructure.ResourceInvoker.<InvokeAsync>g__Logged|17_1(ResourceInvoker invoker)
   at Microsoft.AspNetCore.Routing.EndpointMiddleware.<Invoke>g__AwaitRequestTask|7_0(Endpoint endpoint, Task requestTask, ILogger logger)
   at Microsoft.AspNetCore.Authorization.AuthorizationMiddleware.Invoke(HttpContext context)
   at Microsoft.AspNetCore.Authentication.AuthenticationMiddleware.Invoke(HttpContext context)
   at Swashbuckle.AspNetCore.SwaggerUI.SwaggerUIMiddleware.Invoke(HttpContext httpContext)
   at Swashbuckle.AspNetCore.Swagger.SwaggerMiddleware.Invoke(HttpContext httpContext, ISwaggerProvider swaggerProvider)
   at Microsoft.AspNetCore.Diagnostics.DeveloperExceptionPageMiddlewareImpl.Invoke(HttpContext context)
2025-11-11 22:23:49.1487 | INFO | Microsoft.AspNetCore.Hosting.Diagnostics | Request finished HTTP/2 POST https://localhost:7032/api/CLLogin/Invite - 500 - text/plain;+charset=utf-8 13974.7806ms 
2025-11-11 22:23:51.7950 | INFO | Microsoft.AspNetCore.Hosting.Diagnostics | Request starting HTTP/2 POST https://localhost:7032/api/CLLogin/Invite - application/json 108 
2025-11-11 22:23:51.8114 | INFO | Microsoft.AspNetCore.Cors.Infrastructure.CorsService | CORS policy execution successful. 
2025-11-11 22:23:51.8224 | INFO | Microsoft.AspNetCore.Authentication.JwtBearer.JwtBearerHandler | Failed to validate the token. IDX14102: Unable to decode the header '[PII of type 'Microsoft.IdentityModel.Logging.SecurityArtifact' is hidden. For more details, see https://aka.ms/IdentityModel/PII.]' as Base64Url encoded string.    at Microsoft.IdentityModel.JsonWebTokens.JsonWebToken.ReadToken(ReadOnlyMemory`1 encodedTokenMemory)
   at Microsoft.IdentityModel.JsonWebTokens.JsonWebToken..ctor(String jwtEncodedString, TryReadJwtClaim tryReadJwtClaim)
   at Microsoft.IdentityModel.JsonWebTokens.JsonWebTokenHandler.ReadToken(String token, TokenValidationParameters validationParameters)
2025-11-11 22:23:51.8382 | INFO | Microsoft.AspNetCore.Authentication.JwtBearer.JwtBearerHandler | Bearer was not authenticated. Failure message: IDX14102: Unable to decode the header '[PII of type 'Microsoft.IdentityModel.Logging.SecurityArtifact' is hidden. For more details, see https://aka.ms/IdentityModel/PII.]' as Base64Url encoded string. 
2025-11-11 22:23:51.8382 | INFO | Microsoft.AspNetCore.Routing.EndpointMiddleware | Executing endpoint 'HMSAPI.Controllers.Auth.CLLoginController.Invite (HMSAPI)' 
2025-11-11 22:23:51.8382 | INFO | Microsoft.AspNetCore.Mvc.Infrastructure.ControllerActionInvoker | Route matched with {action = "Invite", controller = "CLLogin"}. Executing controller action with signature Microsoft.AspNetCore.Mvc.IActionResult Invite(HMSMAL.DTO.Auth.DTOInvitation) on controller HMSAPI.Controllers.Auth.CLLoginController (HMSAPI). 
2025-11-11 22:24:05.4066 | INFO | Microsoft.AspNetCore.Mvc.Infrastructure.ControllerActionInvoker | Executed action HMSAPI.Controllers.Auth.CLLoginController.Invite (HMSAPI) in 13552.4921ms 
2025-11-11 22:24:05.4066 | INFO | Microsoft.AspNetCore.Routing.EndpointMiddleware | Executed endpoint 'HMSAPI.Controllers.Auth.CLLoginController.Invite (HMSAPI)' 
2025-11-11 22:24:05.4180 | ERROR | Microsoft.AspNetCore.Diagnostics.DeveloperExceptionPageMiddleware | An unhandled exception has occurred while executing the request. Value cannot be null. (Parameter 'Source or Destination is null')    at HMSBAL.Common.BLGlobalClass.CopyProperties[TSource,TDestination](TSource source, TDestination destination) in D:\Programming\HMS\HMSAPI\API\HMSBAL\Common\BLGlobalClass.cs:line 133
   at HMSBAL.Services.Auth.BLLoginHandler.PreSaveInvitation(DTOInvitation objInv) in D:\Programming\HMS\HMSAPI\API\HMSBAL\Services\Auth\BLLoginHandler.cs:line 139
   at HMSBAL.Services.Auth.BLLoginHandler.Invite(DTOInvitation objInv) in D:\Programming\HMS\HMSAPI\API\HMSBAL\Services\Auth\BLLoginHandler.cs:line 111
   at HMSAPI.Controllers.Auth.CLLoginController.Invite(DTOInvitation objInv) in D:\Programming\HMS\HMSAPI\API\HMSAPI\Controllers\Auth\CLLoginController.cs:line 40
   at lambda_method3(Closure, Object, Object[])
   at Microsoft.AspNetCore.Mvc.Infrastructure.ActionMethodExecutor.SyncActionResultExecutor.Execute(ActionContext actionContext, IActionResultTypeMapper mapper, ObjectMethodExecutor executor, Object controller, Object[] arguments)
   at Microsoft.AspNetCore.Mvc.Infrastructure.ControllerActionInvoker.InvokeActionMethodAsync()
   at Microsoft.AspNetCore.Mvc.Infrastructure.ControllerActionInvoker.Next(State& next, Scope& scope, Object& state, Boolean& isCompleted)
   at Microsoft.AspNetCore.Mvc.Infrastructure.ControllerActionInvoker.InvokeNextActionFilterAsync()
--- End of stack trace from previous location ---
   at Microsoft.AspNetCore.Mvc.Infrastructure.ControllerActionInvoker.Rethrow(ActionExecutedContextSealed context)
   at Microsoft.AspNetCore.Mvc.Infrastructure.ControllerActionInvoker.Next(State& next, Scope& scope, Object& state, Boolean& isCompleted)
   at Microsoft.AspNetCore.Mvc.Infrastructure.ControllerActionInvoker.InvokeInnerFilterAsync()
--- End of stack trace from previous location ---
   at Microsoft.AspNetCore.Mvc.Infrastructure.ResourceInvoker.<InvokeFilterPipelineAsync>g__Awaited|20_0(ResourceInvoker invoker, Task lastTask, State next, Scope scope, Object state, Boolean isCompleted)
   at Microsoft.AspNetCore.Mvc.Infrastructure.ResourceInvoker.<InvokeAsync>g__Logged|17_1(ResourceInvoker invoker)
   at Microsoft.AspNetCore.Mvc.Infrastructure.ResourceInvoker.<InvokeAsync>g__Logged|17_1(ResourceInvoker invoker)
   at Microsoft.AspNetCore.Routing.EndpointMiddleware.<Invoke>g__AwaitRequestTask|7_0(Endpoint endpoint, Task requestTask, ILogger logger)
   at Microsoft.AspNetCore.Authorization.AuthorizationMiddleware.Invoke(HttpContext context)
   at Microsoft.AspNetCore.Authentication.AuthenticationMiddleware.Invoke(HttpContext context)
   at Swashbuckle.AspNetCore.SwaggerUI.SwaggerUIMiddleware.Invoke(HttpContext httpContext)
   at Swashbuckle.AspNetCore.Swagger.SwaggerMiddleware.Invoke(HttpContext httpContext, ISwaggerProvider swaggerProvider)
   at Microsoft.AspNetCore.Diagnostics.DeveloperExceptionPageMiddlewareImpl.Invoke(HttpContext context)
2025-11-11 22:24:07.0493 | INFO | Microsoft.AspNetCore.Hosting.Diagnostics | Request finished HTTP/2 POST https://localhost:7032/api/CLLogin/Invite - 500 - text/plain;+charset=utf-8 15254.4857ms 
2025-11-11 22:24:09.2842 | INFO | Microsoft.AspNetCore.Hosting.Diagnostics | Request starting HTTP/2 POST https://localhost:7032/api/CLLogin/Invite - application/json 108 
2025-11-11 22:24:09.2842 | INFO | Microsoft.AspNetCore.Cors.Infrastructure.CorsService | CORS policy execution successful. 
2025-11-11 22:24:09.3074 | INFO | Microsoft.AspNetCore.Authentication.JwtBearer.JwtBearerHandler | Failed to validate the token. IDX14102: Unable to decode the header '[PII of type 'Microsoft.IdentityModel.Logging.SecurityArtifact' is hidden. For more details, see https://aka.ms/IdentityModel/PII.]' as Base64Url encoded string.    at Microsoft.IdentityModel.JsonWebTokens.JsonWebToken.ReadToken(ReadOnlyMemory`1 encodedTokenMemory)
   at Microsoft.IdentityModel.JsonWebTokens.JsonWebToken..ctor(String jwtEncodedString, TryReadJwtClaim tryReadJwtClaim)
   at Microsoft.IdentityModel.JsonWebTokens.JsonWebTokenHandler.ReadToken(String token, TokenValidationParameters validationParameters)
2025-11-11 22:24:09.3074 | INFO | Microsoft.AspNetCore.Authentication.JwtBearer.JwtBearerHandler | Bearer was not authenticated. Failure message: IDX14102: Unable to decode the header '[PII of type 'Microsoft.IdentityModel.Logging.SecurityArtifact' is hidden. For more details, see https://aka.ms/IdentityModel/PII.]' as Base64Url encoded string. 
2025-11-11 22:24:09.3074 | INFO | Microsoft.AspNetCore.Routing.EndpointMiddleware | Executing endpoint 'HMSAPI.Controllers.Auth.CLLoginController.Invite (HMSAPI)' 
2025-11-11 22:24:09.3229 | INFO | Microsoft.AspNetCore.Mvc.Infrastructure.ControllerActionInvoker | Route matched with {action = "Invite", controller = "CLLogin"}. Executing controller action with signature Microsoft.AspNetCore.Mvc.IActionResult Invite(HMSMAL.DTO.Auth.DTOInvitation) on controller HMSAPI.Controllers.Auth.CLLoginController (HMSAPI). 
2025-11-11 22:24:33.5055 | INFO | Microsoft.AspNetCore.Mvc.Infrastructure.ControllerActionInvoker | Executed action HMSAPI.Controllers.Auth.CLLoginController.Invite (HMSAPI) in 24177.2181ms 
2025-11-11 22:24:33.5105 | INFO | Microsoft.AspNetCore.Routing.EndpointMiddleware | Executed endpoint 'HMSAPI.Controllers.Auth.CLLoginController.Invite (HMSAPI)' 
2025-11-11 22:24:33.5105 | ERROR | Microsoft.AspNetCore.Diagnostics.DeveloperExceptionPageMiddleware | An unhandled exception has occurred while executing the request. Value cannot be null. (Parameter 'Source or Destination is null')    at HMSBAL.Common.BLGlobalClass.CopyProperties[TSource,TDestination](TSource source, TDestination destination) in D:\Programming\HMS\HMSAPI\API\HMSBAL\Common\BLGlobalClass.cs:line 133
   at HMSBAL.Services.Auth.BLLoginHandler.PreSaveInvitation(DTOInvitation objInv) in D:\Programming\HMS\HMSAPI\API\HMSBAL\Services\Auth\BLLoginHandler.cs:line 139
   at HMSBAL.Services.Auth.BLLoginHandler.Invite(DTOInvitation objInv) in D:\Programming\HMS\HMSAPI\API\HMSBAL\Services\Auth\BLLoginHandler.cs:line 111
   at HMSAPI.Controllers.Auth.CLLoginController.Invite(DTOInvitation objInv) in D:\Programming\HMS\HMSAPI\API\HMSAPI\Controllers\Auth\CLLoginController.cs:line 40
   at lambda_method3(Closure, Object, Object[])
   at Microsoft.AspNetCore.Mvc.Infrastructure.ActionMethodExecutor.SyncActionResultExecutor.Execute(ActionContext actionContext, IActionResultTypeMapper mapper, ObjectMethodExecutor executor, Object controller, Object[] arguments)
   at Microsoft.AspNetCore.Mvc.Infrastructure.ControllerActionInvoker.InvokeActionMethodAsync()
   at Microsoft.AspNetCore.Mvc.Infrastructure.ControllerActionInvoker.Next(State& next, Scope& scope, Object& state, Boolean& isCompleted)
   at Microsoft.AspNetCore.Mvc.Infrastructure.ControllerActionInvoker.InvokeNextActionFilterAsync()
--- End of stack trace from previous location ---
   at Microsoft.AspNetCore.Mvc.Infrastructure.ControllerActionInvoker.Rethrow(ActionExecutedContextSealed context)
   at Microsoft.AspNetCore.Mvc.Infrastructure.ControllerActionInvoker.Next(State& next, Scope& scope, Object& state, Boolean& isCompleted)
   at Microsoft.AspNetCore.Mvc.Infrastructure.ControllerActionInvoker.InvokeInnerFilterAsync()
--- End of stack trace from previous location ---
   at Microsoft.AspNetCore.Mvc.Infrastructure.ResourceInvoker.<InvokeFilterPipelineAsync>g__Awaited|20_0(ResourceInvoker invoker, Task lastTask, State next, Scope scope, Object state, Boolean isCompleted)
   at Microsoft.AspNetCore.Mvc.Infrastructure.ResourceInvoker.<InvokeAsync>g__Logged|17_1(ResourceInvoker invoker)
   at Microsoft.AspNetCore.Mvc.Infrastructure.ResourceInvoker.<InvokeAsync>g__Logged|17_1(ResourceInvoker invoker)
   at Microsoft.AspNetCore.Routing.EndpointMiddleware.<Invoke>g__AwaitRequestTask|7_0(Endpoint endpoint, Task requestTask, ILogger logger)
   at Microsoft.AspNetCore.Authorization.AuthorizationMiddleware.Invoke(HttpContext context)
   at Microsoft.AspNetCore.Authentication.AuthenticationMiddleware.Invoke(HttpContext context)
   at Swashbuckle.AspNetCore.SwaggerUI.SwaggerUIMiddleware.Invoke(HttpContext httpContext)
   at Swashbuckle.AspNetCore.Swagger.SwaggerMiddleware.Invoke(HttpContext httpContext, ISwaggerProvider swaggerProvider)
   at Microsoft.AspNetCore.Diagnostics.DeveloperExceptionPageMiddlewareImpl.Invoke(HttpContext context)
2025-11-11 22:24:35.4391 | INFO | Microsoft.AspNetCore.Hosting.Diagnostics | Request finished HTTP/2 POST https://localhost:7032/api/CLLogin/Invite - 500 - text/plain;+charset=utf-8 26155.3072ms 
2025-11-11 22:25:08.9114 | INFO | Microsoft.AspNetCore.DataProtection.KeyManagement.XmlKeyManager | User profile is available. Using 'C:\Users\kayad\AppData\Local\ASP.NET\DataProtection-Keys' as key repository and Windows DPAPI to encrypt keys at rest. 
2025-11-11 22:25:09.1022 | INFO | HMSAPI.Startup | Application Starting... 
2025-11-11 22:25:09.6979 | INFO | Microsoft.Hosting.Lifetime | Now listening on: https://localhost:7032 
2025-11-11 22:25:09.6979 | INFO | Microsoft.Hosting.Lifetime | Now listening on: http://localhost:5038 
2025-11-11 22:25:09.7911 | INFO | Microsoft.Hosting.Lifetime | Application started. Press Ctrl+C to shut down. 
2025-11-11 22:25:09.7911 | INFO | Microsoft.Hosting.Lifetime | Hosting environment: Development 
2025-11-11 22:25:09.7911 | INFO | Microsoft.Hosting.Lifetime | Content root path: D:\Programming\HMS\HMSAPI\API\HMSAPI 
2025-11-11 22:25:10.4877 | INFO | Microsoft.AspNetCore.Hosting.Diagnostics | Request starting HTTP/2 GET https://localhost:7032/_framework/aspnetcore-browser-refresh.js - - - 
2025-11-11 22:25:10.4877 | INFO | Microsoft.AspNetCore.Hosting.Diagnostics | Request starting HTTP/2 GET https://localhost:7032/_vs/browserLink - - - 
2025-11-11 22:25:10.5742 | INFO | Microsoft.AspNetCore.Hosting.Diagnostics | Request finished HTTP/2 GET https://localhost:7032/_framework/aspnetcore-browser-refresh.js - 200 16497 application/javascript;+charset=utf-8 106.0988ms 
2025-11-11 22:25:10.6983 | INFO | Microsoft.AspNetCore.Hosting.Diagnostics | Request finished HTTP/2 GET https://localhost:7032/_vs/browserLink - 200 - text/javascript;+charset=UTF-8 234.1535ms 
2025-11-11 22:25:10.7808 | INFO | Microsoft.AspNetCore.Hosting.Diagnostics | Request starting HTTP/2 GET https://localhost:7032/swagger/v1/swagger.json - - - 
2025-11-11 22:25:10.8105 | INFO | Microsoft.AspNetCore.Hosting.Diagnostics | Request finished HTTP/2 GET https://localhost:7032/swagger/v1/swagger.json - 200 - application/json;charset=utf-8 29.9090ms 
2025-11-11 22:25:30.0405 | INFO | Microsoft.AspNetCore.Hosting.Diagnostics | Request starting HTTP/2 POST https://localhost:7032/api/CLLogin/Invite - application/json 108 
2025-11-11 22:25:30.1913 | INFO | Microsoft.AspNetCore.Cors.Infrastructure.CorsService | CORS policy execution successful. 
2025-11-11 22:25:30.4626 | INFO | Microsoft.AspNetCore.Authentication.JwtBearer.JwtBearerHandler | Failed to validate the token. IDX14102: Unable to decode the header '[PII of type 'Microsoft.IdentityModel.Logging.SecurityArtifact' is hidden. For more details, see https://aka.ms/IdentityModel/PII.]' as Base64Url encoded string.    at Microsoft.IdentityModel.JsonWebTokens.JsonWebToken.ReadToken(ReadOnlyMemory`1 encodedTokenMemory)
   at Microsoft.IdentityModel.JsonWebTokens.JsonWebToken..ctor(String jwtEncodedString, TryReadJwtClaim tryReadJwtClaim)
   at Microsoft.IdentityModel.JsonWebTokens.JsonWebTokenHandler.ReadToken(String token, TokenValidationParameters validationParameters)
2025-11-11 22:25:30.5524 | INFO | Microsoft.AspNetCore.Authentication.JwtBearer.JwtBearerHandler | Bearer was not authenticated. Failure message: IDX14102: Unable to decode the header '[PII of type 'Microsoft.IdentityModel.Logging.SecurityArtifact' is hidden. For more details, see https://aka.ms/IdentityModel/PII.]' as Base64Url encoded string. 
2025-11-11 22:25:30.5664 | INFO | Microsoft.AspNetCore.Routing.EndpointMiddleware | Executing endpoint 'HMSAPI.Controllers.Auth.CLLoginController.Invite (HMSAPI)' 
2025-11-11 22:25:30.6572 | INFO | Microsoft.AspNetCore.Mvc.Infrastructure.ControllerActionInvoker | Route matched with {action = "Invite", controller = "CLLogin"}. Executing controller action with signature Microsoft.AspNetCore.Mvc.IActionResult Invite(HMSMAL.DTO.Auth.DTOInvitation) on controller HMSAPI.Controllers.Auth.CLLoginController (HMSAPI). 
2025-11-11 22:26:20.2085 | INFO | errorFile | SendInvitationEmail : The SMTP server requires a secure connection or the client was not authenticated. The server response was: 5.7.0 Authentication Required. For more information, go to 
2025-11-11 22:26:26.9837 | INFO | Microsoft.AspNetCore.Mvc.Infrastructure.ObjectResultExecutor | Executing OkObjectResult, writing value of type 'HMSMAL.Common.Response'. 
2025-11-11 22:26:29.4748 | INFO | Microsoft.AspNetCore.Mvc.Infrastructure.ControllerActionInvoker | Executed action HMSAPI.Controllers.Auth.CLLoginController.Invite (HMSAPI) in 58789.0665ms 
2025-11-11 22:26:29.4748 | INFO | Microsoft.AspNetCore.Routing.EndpointMiddleware | Executed endpoint 'HMSAPI.Controllers.Auth.CLLoginController.Invite (HMSAPI)' 
2025-11-11 22:26:29.4796 | INFO | Microsoft.AspNetCore.Hosting.Diagnostics | Request finished HTTP/2 POST https://localhost:7032/api/CLLogin/Invite - 200 - application/json;+charset=utf-8 59439.8323ms 
2025-11-11 22:35:26.3157 | INFO | Microsoft.AspNetCore.DataProtection.KeyManagement.XmlKeyManager | User profile is available. Using 'C:\Users\kayad\AppData\Local\ASP.NET\DataProtection-Keys' as key repository and Windows DPAPI to encrypt keys at rest. 
2025-11-11 22:35:26.4036 | INFO | HMSAPI.Startup | Application Starting... 
2025-11-11 22:35:26.6195 | INFO | Microsoft.Hosting.Lifetime | Now listening on: https://localhost:7032 
2025-11-11 22:35:26.6195 | INFO | Microsoft.Hosting.Lifetime | Now listening on: http://localhost:5038 
2025-11-11 22:35:26.6781 | INFO | Microsoft.Hosting.Lifetime | Application started. Press Ctrl+C to shut down. 
2025-11-11 22:35:26.6781 | INFO | Microsoft.Hosting.Lifetime | Hosting environment: Development 
2025-11-11 22:35:26.6781 | INFO | Microsoft.Hosting.Lifetime | Content root path: D:\Programming\HMS\HMSAPI\API\HMSAPI 
2025-11-11 22:35:27.3817 | INFO | Microsoft.AspNetCore.Hosting.Diagnostics | Request starting HTTP/2 GET https://localhost:7032/_vs/browserLink - - - 
2025-11-11 22:35:27.3817 | INFO | Microsoft.AspNetCore.Hosting.Diagnostics | Request starting HTTP/2 GET https://localhost:7032/_framework/aspnetcore-browser-refresh.js - - - 
2025-11-11 22:35:27.4291 | INFO | Microsoft.AspNetCore.Hosting.Diagnostics | Request finished HTTP/2 GET https://localhost:7032/_framework/aspnetcore-browser-refresh.js - 200 16497 application/javascript;+charset=utf-8 32.5961ms 
2025-11-11 22:35:27.4854 | INFO | Microsoft.AspNetCore.Hosting.Diagnostics | Request finished HTTP/2 GET https://localhost:7032/_vs/browserLink - 200 - text/javascript;+charset=UTF-8 109.3167ms 
2025-11-11 22:35:27.6385 | INFO | Microsoft.AspNetCore.Hosting.Diagnostics | Request starting HTTP/2 GET https://localhost:7032/swagger/v1/swagger.json - - - 
2025-11-11 22:35:27.6745 | INFO | Microsoft.AspNetCore.Hosting.Diagnostics | Request finished HTTP/2 GET https://localhost:7032/swagger/v1/swagger.json - 200 - application/json;charset=utf-8 35.8626ms 
