2025-11-29 16:42:00.1028 | INFO | Microsoft.AspNetCore.DataProtection.KeyManagement.XmlKeyManager | User profile is available. Using 'C:\Users\kayad\AppData\Local\ASP.NET\DataProtection-Keys' as key repository and Windows DPAPI to encrypt keys at rest. 
2025-11-29 16:42:00.8374 | INFO | HMSAPI.Startup | Application Starting... 
2025-11-29 16:42:01.9507 | INFO | Microsoft.Hosting.Lifetime | Now listening on: http://localhost:5038 
2025-11-29 16:42:02.7728 | INFO | Microsoft.Hosting.Lifetime | Application started. Press Ctrl+C to shut down. 
2025-11-29 16:42:02.7728 | INFO | Microsoft.Hosting.Lifetime | Hosting environment: Development 
2025-11-29 16:42:02.7728 | INFO | Microsoft.Hosting.Lifetime | Content root path: D:\Programming\HMS\HMSAPI\API\HMSAPI 
2025-11-29 16:42:03.1100 | INFO | Microsoft.AspNetCore.Hosting.Diagnostics | Request starting HTTP/1.1 GET http://localhost:5038/_vs/browserLink - - - 
2025-11-29 16:42:03.1100 | INFO | Microsoft.AspNetCore.Hosting.Diagnostics | Request starting HTTP/1.1 GET http://localhost:5038/_framework/aspnetcore-browser-refresh.js - - - 
2025-11-29 16:42:03.1700 | INFO | Microsoft.AspNetCore.Hosting.Diagnostics | Request finished HTTP/1.1 GET http://localhost:5038/_framework/aspnetcore-browser-refresh.js - 200 16497 application/javascript;+charset=utf-8 69.4431ms 
2025-11-29 16:42:03.6788 | INFO | Microsoft.AspNetCore.Hosting.Diagnostics | Request finished HTTP/1.1 GET http://localhost:5038/_vs/browserLink - 200 - text/javascript;+charset=UTF-8 584.2706ms 
2025-11-29 16:42:03.7210 | INFO | Microsoft.AspNetCore.Hosting.Diagnostics | Request starting HTTP/1.1 GET http://localhost:5038/swagger/v1/swagger.json - - - 
2025-11-29 16:42:03.7460 | INFO | Microsoft.AspNetCore.Hosting.Diagnostics | Request finished HTTP/1.1 GET http://localhost:5038/swagger/v1/swagger.json - 200 - application/json;charset=utf-8 25.0839ms 
2025-11-29 16:43:34.2251 | INFO | Microsoft.AspNetCore.Hosting.Diagnostics | Request starting HTTP/1.1 POST http://localhost:5038/api/CLAppointments/BookAppointment - application/json 92 
2025-11-29 16:43:34.2726 | WARN | Microsoft.AspNetCore.HttpsPolicy.HttpsRedirectionMiddleware | Failed to determine the https port for redirect. 
2025-11-29 16:43:34.3240 | INFO | Microsoft.AspNetCore.Cors.Infrastructure.CorsService | CORS policy execution successful. 
2025-11-29 16:43:38.5398 | INFO | Microsoft.AspNetCore.Authentication.JwtBearer.JwtBearerHandler | Failed to validate the token. IDX14102: Unable to decode the header '[PII of type 'Microsoft.IdentityModel.Logging.SecurityArtifact' is hidden. For more details, see https://aka.ms/IdentityModel/PII.]' as Base64Url encoded string.    at Microsoft.IdentityModel.JsonWebTokens.JsonWebToken.ReadToken(ReadOnlyMemory`1 encodedTokenMemory)
   at Microsoft.IdentityModel.JsonWebTokens.JsonWebToken..ctor(String jwtEncodedString, TryReadJwtClaim tryReadJwtClaim)
   at Microsoft.IdentityModel.JsonWebTokens.JsonWebTokenHandler.ReadToken(String token, TokenValidationParameters validationParameters)
2025-11-29 16:43:38.5854 | INFO | Microsoft.AspNetCore.Authentication.JwtBearer.JwtBearerHandler | Bearer was not authenticated. Failure message: IDX14102: Unable to decode the header '[PII of type 'Microsoft.IdentityModel.Logging.SecurityArtifact' is hidden. For more details, see https://aka.ms/IdentityModel/PII.]' as Base64Url encoded string. 
2025-11-29 16:43:38.5854 | INFO | Microsoft.AspNetCore.Authorization.DefaultAuthorizationService | Authorization failed. These requirements were not met:
RolesAuthorizationRequirement:User.IsInRole must be true for one of the following roles: (Admin|Receptionist|Patient) 
2025-11-29 16:43:38.5964 | INFO | Microsoft.AspNetCore.Authentication.JwtBearer.JwtBearerHandler | AuthenticationScheme: Bearer was challenged. 
2025-11-29 16:43:38.5964 | INFO | Microsoft.AspNetCore.Hosting.Diagnostics | Request finished HTTP/1.1 POST http://localhost:5038/api/CLAppointments/BookAppointment - 401 0 - 4382.9418ms 
2025-11-29 16:44:18.9726 | INFO | Microsoft.AspNetCore.Hosting.Diagnostics | Request starting HTTP/1.1 POST http://localhost:5038/api/CLAppointments/BookAppointment - application/json 92 
2025-11-29 16:44:18.9726 | INFO | Microsoft.AspNetCore.Cors.Infrastructure.CorsService | CORS policy execution successful. 
2025-11-29 16:44:18.9726 | INFO | Microsoft.AspNetCore.Authentication.JwtBearer.JwtBearerHandler | Failed to validate the token. IDX14102: Unable to decode the header '[PII of type 'Microsoft.IdentityModel.Logging.SecurityArtifact' is hidden. For more details, see https://aka.ms/IdentityModel/PII.]' as Base64Url encoded string.    at Microsoft.IdentityModel.JsonWebTokens.JsonWebToken.ReadToken(ReadOnlyMemory`1 encodedTokenMemory)
   at Microsoft.IdentityModel.JsonWebTokens.JsonWebToken..ctor(String jwtEncodedString, TryReadJwtClaim tryReadJwtClaim)
   at Microsoft.IdentityModel.JsonWebTokens.JsonWebTokenHandler.ReadToken(String token, TokenValidationParameters validationParameters)
2025-11-29 16:44:18.9726 | INFO | Microsoft.AspNetCore.Authentication.JwtBearer.JwtBearerHandler | Bearer was not authenticated. Failure message: IDX14102: Unable to decode the header '[PII of type 'Microsoft.IdentityModel.Logging.SecurityArtifact' is hidden. For more details, see https://aka.ms/IdentityModel/PII.]' as Base64Url encoded string. 
2025-11-29 16:44:18.9726 | INFO | Microsoft.AspNetCore.Authorization.DefaultAuthorizationService | Authorization failed. These requirements were not met:
RolesAuthorizationRequirement:User.IsInRole must be true for one of the following roles: (Admin|Receptionist|Patient) 
2025-11-29 16:44:18.9861 | INFO | Microsoft.AspNetCore.Authentication.JwtBearer.JwtBearerHandler | AuthenticationScheme: Bearer was challenged. 
2025-11-29 16:44:18.9861 | INFO | Microsoft.AspNetCore.Hosting.Diagnostics | Request finished HTTP/1.1 POST http://localhost:5038/api/CLAppointments/BookAppointment - 401 0 - 14.6969ms 
2025-11-29 16:44:48.3693 | INFO | Microsoft.AspNetCore.DataProtection.KeyManagement.XmlKeyManager | User profile is available. Using 'C:\Users\kayad\AppData\Local\ASP.NET\DataProtection-Keys' as key repository and Windows DPAPI to encrypt keys at rest. 
2025-11-29 16:44:48.6033 | INFO | HMSAPI.Startup | Application Starting... 
2025-11-29 16:44:49.2433 | INFO | Microsoft.Hosting.Lifetime | Now listening on: http://localhost:5038 
2025-11-29 16:44:49.5403 | INFO | Microsoft.Hosting.Lifetime | Application started. Press Ctrl+C to shut down. 
2025-11-29 16:44:49.5403 | INFO | Microsoft.Hosting.Lifetime | Hosting environment: Development 
2025-11-29 16:44:49.5496 | INFO | Microsoft.Hosting.Lifetime | Content root path: D:\Programming\HMS\HMSAPI\API\HMSAPI 
2025-11-29 16:44:49.8601 | INFO | Microsoft.AspNetCore.Hosting.Diagnostics | Request starting HTTP/1.1 GET http://localhost:5038/_framework/aspnetcore-browser-refresh.js - - - 
2025-11-29 16:44:49.8601 | INFO | Microsoft.AspNetCore.Hosting.Diagnostics | Request starting HTTP/1.1 GET http://localhost:5038/_vs/browserLink - - - 
2025-11-29 16:44:49.9034 | INFO | Microsoft.AspNetCore.Hosting.Diagnostics | Request finished HTTP/1.1 GET http://localhost:5038/_framework/aspnetcore-browser-refresh.js - 200 16497 application/javascript;+charset=utf-8 70.4790ms 
2025-11-29 16:44:50.0221 | INFO | Microsoft.AspNetCore.Hosting.Diagnostics | Request finished HTTP/1.1 GET http://localhost:5038/_vs/browserLink - 200 - text/javascript;+charset=UTF-8 193.4591ms 
2025-11-29 16:44:50.1016 | INFO | Microsoft.AspNetCore.Hosting.Diagnostics | Request starting HTTP/1.1 GET http://localhost:5038/swagger/v1/swagger.json - - - 
2025-11-29 16:44:50.1418 | INFO | Microsoft.AspNetCore.Hosting.Diagnostics | Request finished HTTP/1.1 GET http://localhost:5038/swagger/v1/swagger.json - 200 - application/json;charset=utf-8 40.4282ms 
2025-11-29 16:45:08.6790 | INFO | Microsoft.AspNetCore.Hosting.Diagnostics | Request starting HTTP/1.1 POST http://localhost:5038/api/CLAppointments/BookAppointment - application/json 92 
2025-11-29 16:45:08.7393 | WARN | Microsoft.AspNetCore.HttpsPolicy.HttpsRedirectionMiddleware | Failed to determine the https port for redirect. 
2025-11-29 16:45:08.8623 | INFO | Microsoft.AspNetCore.Cors.Infrastructure.CorsService | CORS policy execution successful. 
2025-11-29 16:45:09.2732 | INFO | Microsoft.AspNetCore.Authentication.JwtBearer.JwtBearerHandler | Failed to validate the token. IDX14102: Unable to decode the header '[PII of type 'Microsoft.IdentityModel.Logging.SecurityArtifact' is hidden. For more details, see https://aka.ms/IdentityModel/PII.]' as Base64Url encoded string.    at Microsoft.IdentityModel.JsonWebTokens.JsonWebToken.ReadToken(ReadOnlyMemory`1 encodedTokenMemory)
   at Microsoft.IdentityModel.JsonWebTokens.JsonWebToken..ctor(String jwtEncodedString, TryReadJwtClaim tryReadJwtClaim)
   at Microsoft.IdentityModel.JsonWebTokens.JsonWebTokenHandler.ReadToken(String token, TokenValidationParameters validationParameters)
2025-11-29 16:45:09.4087 | INFO | Microsoft.AspNetCore.Authentication.JwtBearer.JwtBearerHandler | Bearer was not authenticated. Failure message: IDX14102: Unable to decode the header '[PII of type 'Microsoft.IdentityModel.Logging.SecurityArtifact' is hidden. For more details, see https://aka.ms/IdentityModel/PII.]' as Base64Url encoded string. 
2025-11-29 16:45:09.4329 | INFO | Microsoft.AspNetCore.Routing.EndpointMiddleware | Executing endpoint 'HMSAPI.Controllers.Masters.CLAppointmentsController.BookAppointment (HMSAPI)' 
2025-11-29 16:45:09.5547 | INFO | Microsoft.AspNetCore.Mvc.Infrastructure.ControllerActionInvoker | Route matched with {action = "BookAppointment", controller = "CLAppointments"}. Executing controller action with signature Microsoft.AspNetCore.Mvc.IActionResult BookAppointment(HMSMAL.DTO.Masters.DTOAppointment) on controller HMSAPI.Controllers.Masters.CLAppointmentsController (HMSAPI). 
2025-11-29 16:45:40.5071 | INFO | Microsoft.AspNetCore.Mvc.Infrastructure.ControllerActionInvoker | Executed action HMSAPI.Controllers.Masters.CLAppointmentsController.BookAppointment (HMSAPI) in 30913.2784ms 
2025-11-29 16:45:40.5071 | INFO | Microsoft.AspNetCore.Routing.EndpointMiddleware | Executed endpoint 'HMSAPI.Controllers.Masters.CLAppointmentsController.BookAppointment (HMSAPI)' 
2025-11-29 16:45:40.5192 | ERROR | Microsoft.AspNetCore.Diagnostics.DeveloperExceptionPageMiddleware | An unhandled exception has occurred while executing the request. Value cannot be null. (Parameter 'Source or Destination is null')    at HMSBAL.Common.BLGlobalClass.CopyProperties[TSource,TDestination](TSource source, TDestination destination) in D:\Programming\HMS\HMSAPI\API\HMSBAL\Common\BLGlobalClass.cs:line 133
   at HMSBAL.Services.Masters.BLAppointmentsHandler.PreSaveAppointmentBooking(DTOAppointment objDTOAppointment) in D:\Programming\HMS\HMSAPI\API\HMSBAL\Services\Masters\BLAppointmentsHandler.cs:line 179
   at HMSBAL.Services.Masters.BLAppointmentsHandler.BookAppointment(DTOAppointment objDTOAppointment) in D:\Programming\HMS\HMSAPI\API\HMSBAL\Services\Masters\BLAppointmentsHandler.cs:line 149
   at HMSAPI.Controllers.Masters.CLAppointmentsController.BookAppointment(DTOAppointment objDTOAppointment) in D:\Programming\HMS\HMSAPI\API\HMSAPI\Controllers\Masters\CLAppointmentsController.cs:line 48
   at lambda_method3(Closure, Object, Object[])
   at Microsoft.AspNetCore.Mvc.Infrastructure.ActionMethodExecutor.SyncActionResultExecutor.Execute(ActionContext actionContext, IActionResultTypeMapper mapper, ObjectMethodExecutor executor, Object controller, Object[] arguments)
   at Microsoft.AspNetCore.Mvc.Infrastructure.ControllerActionInvoker.InvokeActionMethodAsync()
   at Microsoft.AspNetCore.Mvc.Infrastructure.ControllerActionInvoker.Next(State& next, Scope& scope, Object& state, Boolean& isCompleted)
   at Microsoft.AspNetCore.Mvc.Infrastructure.ControllerActionInvoker.InvokeNextActionFilterAsync()
--- End of stack trace from previous location ---
   at Microsoft.AspNetCore.Mvc.Infrastructure.ControllerActionInvoker.Rethrow(ActionExecutedContextSealed context)
   at Microsoft.AspNetCore.Mvc.Infrastructure.ControllerActionInvoker.Next(State& next, Scope& scope, Object& state, Boolean& isCompleted)
   at Microsoft.AspNetCore.Mvc.Infrastructure.ControllerActionInvoker.InvokeInnerFilterAsync()
--- End of stack trace from previous location ---
   at Microsoft.AspNetCore.Mvc.Infrastructure.ResourceInvoker.<InvokeFilterPipelineAsync>g__Awaited|20_0(ResourceInvoker invoker, Task lastTask, State next, Scope scope, Object state, Boolean isCompleted)
   at Microsoft.AspNetCore.Mvc.Infrastructure.ResourceInvoker.<InvokeAsync>g__Logged|17_1(ResourceInvoker invoker)
   at Microsoft.AspNetCore.Mvc.Infrastructure.ResourceInvoker.<InvokeAsync>g__Logged|17_1(ResourceInvoker invoker)
   at Microsoft.AspNetCore.Routing.EndpointMiddleware.<Invoke>g__AwaitRequestTask|7_0(Endpoint endpoint, Task requestTask, ILogger logger)
   at Microsoft.AspNetCore.Authorization.AuthorizationMiddleware.Invoke(HttpContext context)
   at Microsoft.AspNetCore.Authentication.AuthenticationMiddleware.Invoke(HttpContext context)
   at Swashbuckle.AspNetCore.SwaggerUI.SwaggerUIMiddleware.Invoke(HttpContext httpContext)
   at Swashbuckle.AspNetCore.Swagger.SwaggerMiddleware.Invoke(HttpContext httpContext, ISwaggerProvider swaggerProvider)
   at Microsoft.AspNetCore.Diagnostics.DeveloperExceptionPageMiddlewareImpl.Invoke(HttpContext context)
2025-11-29 16:45:42.5747 | INFO | Microsoft.AspNetCore.Hosting.Diagnostics | Request finished HTTP/1.1 POST http://localhost:5038/api/CLAppointments/BookAppointment - 500 - text/plain;+charset=utf-8 33895.7622ms 
2025-11-29 16:45:50.3568 | INFO | Microsoft.AspNetCore.Hosting.Diagnostics | Request starting HTTP/1.1 POST http://localhost:5038/api/CLAppointments/BookAppointment - application/json 92 
2025-11-29 16:45:50.3798 | INFO | Microsoft.AspNetCore.Cors.Infrastructure.CorsService | CORS policy execution successful. 
2025-11-29 16:45:50.3798 | INFO | Microsoft.AspNetCore.Authentication.JwtBearer.JwtBearerHandler | Failed to validate the token. IDX14102: Unable to decode the header '[PII of type 'Microsoft.IdentityModel.Logging.SecurityArtifact' is hidden. For more details, see https://aka.ms/IdentityModel/PII.]' as Base64Url encoded string.    at Microsoft.IdentityModel.JsonWebTokens.JsonWebToken.ReadToken(ReadOnlyMemory`1 encodedTokenMemory)
   at Microsoft.IdentityModel.JsonWebTokens.JsonWebToken..ctor(String jwtEncodedString, TryReadJwtClaim tryReadJwtClaim)
   at Microsoft.IdentityModel.JsonWebTokens.JsonWebTokenHandler.ReadToken(String token, TokenValidationParameters validationParameters)
2025-11-29 16:45:50.3941 | INFO | Microsoft.AspNetCore.Authentication.JwtBearer.JwtBearerHandler | Bearer was not authenticated. Failure message: IDX14102: Unable to decode the header '[PII of type 'Microsoft.IdentityModel.Logging.SecurityArtifact' is hidden. For more details, see https://aka.ms/IdentityModel/PII.]' as Base64Url encoded string. 
2025-11-29 16:45:50.3941 | INFO | Microsoft.AspNetCore.Routing.EndpointMiddleware | Executing endpoint 'HMSAPI.Controllers.Masters.CLAppointmentsController.BookAppointment (HMSAPI)' 
2025-11-29 16:45:50.3941 | INFO | Microsoft.AspNetCore.Mvc.Infrastructure.ControllerActionInvoker | Route matched with {action = "BookAppointment", controller = "CLAppointments"}. Executing controller action with signature Microsoft.AspNetCore.Mvc.IActionResult BookAppointment(HMSMAL.DTO.Masters.DTOAppointment) on controller HMSAPI.Controllers.Masters.CLAppointmentsController (HMSAPI). 
2025-11-29 16:46:33.4048 | INFO | Microsoft.AspNetCore.Mvc.Infrastructure.ControllerActionInvoker | Executed action HMSAPI.Controllers.Masters.CLAppointmentsController.BookAppointment (HMSAPI) in 43004.4576ms 
2025-11-29 16:46:33.4048 | INFO | Microsoft.AspNetCore.Routing.EndpointMiddleware | Executed endpoint 'HMSAPI.Controllers.Masters.CLAppointmentsController.BookAppointment (HMSAPI)' 
2025-11-29 16:46:33.4093 | ERROR | Microsoft.AspNetCore.Diagnostics.DeveloperExceptionPageMiddleware | An unhandled exception has occurred while executing the request. Value cannot be null. (Parameter 'Source or Destination is null')    at HMSBAL.Common.BLGlobalClass.CopyProperties[TSource,TDestination](TSource source, TDestination destination) in D:\Programming\HMS\HMSAPI\API\HMSBAL\Common\BLGlobalClass.cs:line 133
   at HMSBAL.Services.Masters.BLAppointmentsHandler.PreSaveAppointmentBooking(DTOAppointment objDTOAppointment) in D:\Programming\HMS\HMSAPI\API\HMSBAL\Services\Masters\BLAppointmentsHandler.cs:line 179
   at HMSBAL.Services.Masters.BLAppointmentsHandler.BookAppointment(DTOAppointment objDTOAppointment) in D:\Programming\HMS\HMSAPI\API\HMSBAL\Services\Masters\BLAppointmentsHandler.cs:line 149
   at HMSAPI.Controllers.Masters.CLAppointmentsController.BookAppointment(DTOAppointment objDTOAppointment) in D:\Programming\HMS\HMSAPI\API\HMSAPI\Controllers\Masters\CLAppointmentsController.cs:line 48
   at lambda_method3(Closure, Object, Object[])
   at Microsoft.AspNetCore.Mvc.Infrastructure.ActionMethodExecutor.SyncActionResultExecutor.Execute(ActionContext actionContext, IActionResultTypeMapper mapper, ObjectMethodExecutor executor, Object controller, Object[] arguments)
   at Microsoft.AspNetCore.Mvc.Infrastructure.ControllerActionInvoker.InvokeActionMethodAsync()
   at Microsoft.AspNetCore.Mvc.Infrastructure.ControllerActionInvoker.Next(State& next, Scope& scope, Object& state, Boolean& isCompleted)
   at Microsoft.AspNetCore.Mvc.Infrastructure.ControllerActionInvoker.InvokeNextActionFilterAsync()
--- End of stack trace from previous location ---
   at Microsoft.AspNetCore.Mvc.Infrastructure.ControllerActionInvoker.Rethrow(ActionExecutedContextSealed context)
   at Microsoft.AspNetCore.Mvc.Infrastructure.ControllerActionInvoker.Next(State& next, Scope& scope, Object& state, Boolean& isCompleted)
   at Microsoft.AspNetCore.Mvc.Infrastructure.ControllerActionInvoker.InvokeInnerFilterAsync()
--- End of stack trace from previous location ---
   at Microsoft.AspNetCore.Mvc.Infrastructure.ResourceInvoker.<InvokeFilterPipelineAsync>g__Awaited|20_0(ResourceInvoker invoker, Task lastTask, State next, Scope scope, Object state, Boolean isCompleted)
   at Microsoft.AspNetCore.Mvc.Infrastructure.ResourceInvoker.<InvokeAsync>g__Logged|17_1(ResourceInvoker invoker)
   at Microsoft.AspNetCore.Mvc.Infrastructure.ResourceInvoker.<InvokeAsync>g__Logged|17_1(ResourceInvoker invoker)
   at Microsoft.AspNetCore.Routing.EndpointMiddleware.<Invoke>g__AwaitRequestTask|7_0(Endpoint endpoint, Task requestTask, ILogger logger)
   at Microsoft.AspNetCore.Authorization.AuthorizationMiddleware.Invoke(HttpContext context)
   at Microsoft.AspNetCore.Authentication.AuthenticationMiddleware.Invoke(HttpContext context)
   at Swashbuckle.AspNetCore.SwaggerUI.SwaggerUIMiddleware.Invoke(HttpContext httpContext)
   at Swashbuckle.AspNetCore.Swagger.SwaggerMiddleware.Invoke(HttpContext httpContext, ISwaggerProvider swaggerProvider)
   at Microsoft.AspNetCore.Diagnostics.DeveloperExceptionPageMiddlewareImpl.Invoke(HttpContext context)
2025-11-29 16:46:34.9698 | INFO | Microsoft.AspNetCore.Hosting.Diagnostics | Request finished HTTP/1.1 POST http://localhost:5038/api/CLAppointments/BookAppointment - 500 - text/plain;+charset=utf-8 44613.1289ms 
2025-11-29 19:50:35.4483 | INFO | Microsoft.AspNetCore.DataProtection.KeyManagement.XmlKeyManager | User profile is available. Using 'C:\Users\kayad\AppData\Local\ASP.NET\DataProtection-Keys' as key repository and Windows DPAPI to encrypt keys at rest. 
2025-11-29 19:50:35.9270 | INFO | HMSAPI.Startup | Application Starting... 
2025-11-29 19:50:36.6092 | INFO | Microsoft.Hosting.Lifetime | Now listening on: http://localhost:5038 
2025-11-29 19:50:37.0700 | INFO | Microsoft.Hosting.Lifetime | Application started. Press Ctrl+C to shut down. 
2025-11-29 19:50:37.0700 | INFO | Microsoft.Hosting.Lifetime | Hosting environment: Development 
2025-11-29 19:50:37.0700 | INFO | Microsoft.Hosting.Lifetime | Content root path: D:\Programming\HMS\HMSAPI\API\HMSAPI 
2025-11-29 19:50:37.5386 | INFO | Microsoft.AspNetCore.Hosting.Diagnostics | Request starting HTTP/1.1 GET http://localhost:5038/_framework/aspnetcore-browser-refresh.js - - - 
2025-11-29 19:50:37.5386 | INFO | Microsoft.AspNetCore.Hosting.Diagnostics | Request starting HTTP/1.1 GET http://localhost:5038/_vs/browserLink - - - 
2025-11-29 19:50:37.5885 | INFO | Microsoft.AspNetCore.Hosting.Diagnostics | Request finished HTTP/1.1 GET http://localhost:5038/_framework/aspnetcore-browser-refresh.js - 200 16497 application/javascript;+charset=utf-8 37.7222ms 
2025-11-29 19:50:37.6676 | INFO | Microsoft.AspNetCore.Hosting.Diagnostics | Request finished HTTP/1.1 GET http://localhost:5038/_vs/browserLink - 200 - text/javascript;+charset=UTF-8 145.0708ms 
2025-11-29 19:50:37.7208 | INFO | Microsoft.AspNetCore.Hosting.Diagnostics | Request starting HTTP/1.1 GET http://localhost:5038/swagger/v1/swagger.json - - - 
2025-11-29 19:50:37.7427 | INFO | Microsoft.AspNetCore.Hosting.Diagnostics | Request finished HTTP/1.1 GET http://localhost:5038/swagger/v1/swagger.json - 200 - application/json;charset=utf-8 21.7309ms 
2025-11-29 19:50:48.2145 | INFO | Microsoft.AspNetCore.Hosting.Diagnostics | Request starting HTTP/1.1 GET http://localhost:5038/api/CLAppointments/GetDoctors - - - 
2025-11-29 19:50:48.2267 | WARN | Microsoft.AspNetCore.HttpsPolicy.HttpsRedirectionMiddleware | Failed to determine the https port for redirect. 
2025-11-29 19:50:50.5846 | INFO | Microsoft.AspNetCore.Authentication.JwtBearer.JwtBearerHandler | Failed to validate the token. IDX14102: Unable to decode the header '[PII of type 'Microsoft.IdentityModel.Logging.SecurityArtifact' is hidden. For more details, see https://aka.ms/IdentityModel/PII.]' as Base64Url encoded string.    at Microsoft.IdentityModel.JsonWebTokens.JsonWebToken.ReadToken(ReadOnlyMemory`1 encodedTokenMemory)
   at Microsoft.IdentityModel.JsonWebTokens.JsonWebToken..ctor(String jwtEncodedString, TryReadJwtClaim tryReadJwtClaim)
   at Microsoft.IdentityModel.JsonWebTokens.JsonWebTokenHandler.ReadToken(String token, TokenValidationParameters validationParameters)
2025-11-29 19:50:50.6043 | INFO | Microsoft.AspNetCore.Authentication.JwtBearer.JwtBearerHandler | Bearer was not authenticated. Failure message: IDX14102: Unable to decode the header '[PII of type 'Microsoft.IdentityModel.Logging.SecurityArtifact' is hidden. For more details, see https://aka.ms/IdentityModel/PII.]' as Base64Url encoded string. 
2025-11-29 19:50:50.6122 | INFO | Microsoft.AspNetCore.Routing.EndpointMiddleware | Executing endpoint 'HMSAPI.Controllers.Masters.CLAppointmentsController.GetDoctors (HMSAPI)' 
2025-11-29 19:50:50.6382 | INFO | Microsoft.AspNetCore.Mvc.Infrastructure.ControllerActionInvoker | Route matched with {action = "GetDoctors", controller = "CLAppointments"}. Executing controller action with signature Microsoft.AspNetCore.Mvc.IActionResult GetDoctors() on controller HMSAPI.Controllers.Masters.CLAppointmentsController (HMSAPI). 
2025-11-29 19:50:52.0578 | INFO | Microsoft.AspNetCore.Mvc.Infrastructure.ObjectResultExecutor | Executing OkObjectResult, writing value of type 'HMSMAL.Common.Response'. 
2025-11-29 19:50:52.1010 | INFO | Microsoft.AspNetCore.Mvc.Infrastructure.ControllerActionInvoker | Executed action HMSAPI.Controllers.Masters.CLAppointmentsController.GetDoctors (HMSAPI) in 1447.8616ms 
2025-11-29 19:50:52.1010 | INFO | Microsoft.AspNetCore.Routing.EndpointMiddleware | Executed endpoint 'HMSAPI.Controllers.Masters.CLAppointmentsController.GetDoctors (HMSAPI)' 
2025-11-29 19:50:52.1010 | INFO | Microsoft.AspNetCore.Hosting.Diagnostics | Request finished HTTP/1.1 GET http://localhost:5038/api/CLAppointments/GetDoctors - 200 - application/json;+charset=utf-8 3888.6302ms 
2025-11-29 19:51:25.7443 | INFO | Microsoft.AspNetCore.DataProtection.KeyManagement.XmlKeyManager | User profile is available. Using 'C:\Users\kayad\AppData\Local\ASP.NET\DataProtection-Keys' as key repository and Windows DPAPI to encrypt keys at rest. 
2025-11-29 19:51:25.9087 | INFO | HMSAPI.Startup | Application Starting... 
2025-11-29 19:51:26.2861 | INFO | Microsoft.Hosting.Lifetime | Now listening on: http://localhost:5038 
2025-11-29 19:51:26.4955 | INFO | Microsoft.Hosting.Lifetime | Application started. Press Ctrl+C to shut down. 
2025-11-29 19:51:26.4955 | INFO | Microsoft.Hosting.Lifetime | Hosting environment: Development 
2025-11-29 19:51:26.4955 | INFO | Microsoft.Hosting.Lifetime | Content root path: D:\Programming\HMS\HMSAPI\API\HMSAPI 
2025-11-29 19:51:27.2744 | INFO | Microsoft.AspNetCore.Hosting.Diagnostics | Request starting HTTP/1.1 GET http://localhost:5038/_framework/aspnetcore-browser-refresh.js - - - 
2025-11-29 19:51:27.2744 | INFO | Microsoft.AspNetCore.Hosting.Diagnostics | Request starting HTTP/1.1 GET http://localhost:5038/_vs/browserLink - - - 
2025-11-29 19:51:27.2969 | INFO | Microsoft.AspNetCore.Hosting.Diagnostics | Request finished HTTP/1.1 GET http://localhost:5038/_framework/aspnetcore-browser-refresh.js - 200 16497 application/javascript;+charset=utf-8 31.9419ms 
2025-11-29 19:51:27.3534 | INFO | Microsoft.AspNetCore.Hosting.Diagnostics | Request finished HTTP/1.1 GET http://localhost:5038/_vs/browserLink - 200 - text/javascript;+charset=UTF-8 90.7227ms 
2025-11-29 19:51:27.3896 | INFO | Microsoft.AspNetCore.Hosting.Diagnostics | Request starting HTTP/1.1 GET http://localhost:5038/swagger/v1/swagger.json - - - 
2025-11-29 19:51:27.4101 | INFO | Microsoft.AspNetCore.Hosting.Diagnostics | Request finished HTTP/1.1 GET http://localhost:5038/swagger/v1/swagger.json - 200 - application/json;charset=utf-8 20.6326ms 
2025-11-29 19:52:47.1085 | INFO | Microsoft.AspNetCore.Hosting.Diagnostics | Request starting HTTP/1.1 GET http://localhost:5038/api/CLAppointments/GetDoctors - - - 
2025-11-29 19:52:47.1372 | WARN | Microsoft.AspNetCore.HttpsPolicy.HttpsRedirectionMiddleware | Failed to determine the https port for redirect. 
2025-11-29 19:52:47.3930 | INFO | Microsoft.AspNetCore.Authentication.JwtBearer.JwtBearerHandler | Failed to validate the token. IDX14102: Unable to decode the header '[PII of type 'Microsoft.IdentityModel.Logging.SecurityArtifact' is hidden. For more details, see https://aka.ms/IdentityModel/PII.]' as Base64Url encoded string.    at Microsoft.IdentityModel.JsonWebTokens.JsonWebToken.ReadToken(ReadOnlyMemory`1 encodedTokenMemory)
   at Microsoft.IdentityModel.JsonWebTokens.JsonWebToken..ctor(String jwtEncodedString, TryReadJwtClaim tryReadJwtClaim)
   at Microsoft.IdentityModel.JsonWebTokens.JsonWebTokenHandler.ReadToken(String token, TokenValidationParameters validationParameters)
2025-11-29 19:52:47.4280 | INFO | Microsoft.AspNetCore.Authentication.JwtBearer.JwtBearerHandler | Bearer was not authenticated. Failure message: IDX14102: Unable to decode the header '[PII of type 'Microsoft.IdentityModel.Logging.SecurityArtifact' is hidden. For more details, see https://aka.ms/IdentityModel/PII.]' as Base64Url encoded string. 
2025-11-29 19:52:47.4435 | INFO | Microsoft.AspNetCore.Routing.EndpointMiddleware | Executing endpoint 'HMSAPI.Controllers.Masters.CLAppointmentsController.GetDoctors (HMSAPI)' 
2025-11-29 19:52:47.4684 | INFO | Microsoft.AspNetCore.Mvc.Infrastructure.ControllerActionInvoker | Route matched with {action = "GetDoctors", controller = "CLAppointments"}. Executing controller action with signature Microsoft.AspNetCore.Mvc.IActionResult GetDoctors() on controller HMSAPI.Controllers.Masters.CLAppointmentsController (HMSAPI). 
2025-11-29 19:52:48.2984 | INFO | Microsoft.AspNetCore.Mvc.Infrastructure.ObjectResultExecutor | Executing OkObjectResult, writing value of type 'HMSMAL.Common.Response'. 
2025-11-29 19:52:48.3877 | INFO | Microsoft.AspNetCore.Mvc.Infrastructure.ControllerActionInvoker | Executed action HMSAPI.Controllers.Masters.CLAppointmentsController.GetDoctors (HMSAPI) in 904.0131ms 
2025-11-29 19:52:48.3877 | INFO | Microsoft.AspNetCore.Routing.EndpointMiddleware | Executed endpoint 'HMSAPI.Controllers.Masters.CLAppointmentsController.GetDoctors (HMSAPI)' 
2025-11-29 19:52:48.3877 | INFO | Microsoft.AspNetCore.Hosting.Diagnostics | Request finished HTTP/1.1 GET http://localhost:5038/api/CLAppointments/GetDoctors - 200 - application/json;+charset=utf-8 1282.7142ms 
