2025-11-06 22:59:26.9105 | ERROR | Microsoft.AspNetCore.Diagnostics.DeveloperExceptionPageMiddleware | An unhandled exception has occurred while executing the request. Authentication to host 'localhost' for user 'root' using method 'caching_sha2_password' failed with message: Access denied for user 'root'@'localhost' (using password: YES)    at MySql.Data.MySqlClient.Authentication.MySqlAuthenticationPlugin.AuthenticationFailed(MySqlException ex)
   at MySql.Data.MySqlClient.Authentication.MySqlAuthenticationPlugin.ReadPacketAsync(Boolean execAsync)
   at MySql.Data.MySqlClient.Authentication.MySqlAuthenticationPlugin.ContinueAuthenticationAsync(Boolean execAsync, Byte[] data)
   at MySql.Data.MySqlClient.Authentication.MySqlAuthenticationPlugin.AuthenticateAsync(Boolean reset, Boolean execAsync)
   at MySql.Data.MySqlClient.NativeDriver.AuthenticateAsync(String authMethod, Boolean reset, Boolean execAsync)
   at MySql.Data.MySqlClient.NativeDriver.OpenAsync(Boolean execAsync, CancellationToken cancellationToken)
   at MySql.Data.MySqlClient.NativeDriver.OpenAsync(Boolean execAsync, CancellationToken cancellationToken)
   at MySql.Data.MySqlClient.Driver.OpenAsync(Boolean execAsync, CancellationToken cancellationToken)
   at MySql.Data.MySqlClient.Driver.CreateAsync(MySqlConnectionStringBuilder settings, Boolean execAsync, CancellationToken cancellationToken)
   at MySql.Data.MySqlClient.Driver.CreateAsync(MySqlConnectionStringBuilder settings, Boolean execAsync, CancellationToken cancellationToken)
   at MySql.Data.MySqlClient.MySqlPool.CreateNewPooledConnectionAsync(Boolean execAsync, CancellationToken cancellationToken)
   at MySql.Data.MySqlClient.MySqlPool.GetPooledConnectionAsync(Boolean execAsync, CancellationToken cancellationToken)
   at MySql.Data.MySqlClient.MySqlPool.TryToGetDriverAsync(Boolean execAsync, CancellationToken cancellationToken)
   at MySql.Data.MySqlClient.MySqlPool.GetConnectionAsync(Boolean execAsync, CancellationToken cancellationToken)
   at MySql.Data.MySqlClient.MySqlConnection.OpenAsync(Boolean execAsync, CancellationToken cancellationToken)
   at MySql.Data.MySqlClient.MySqlConnection.Open()
   at ServiceStack.OrmLite.OrmLiteConnection.Open() in /home/runner/work/ServiceStack/ServiceStack/ServiceStack.OrmLite/src/ServiceStack.OrmLite/OrmLiteConnection.cs:line 153
   at ServiceStack.OrmLite.OrmLiteConnectionFactory.OpenDbConnection() in /home/runner/work/ServiceStack/ServiceStack/ServiceStack.OrmLite/src/ServiceStack.OrmLite/OrmLiteConnectionFactory.cs:line 112
   at ServiceStack.OrmLite.OrmLiteConnectionFactoryExtensions.Open(IDbConnectionFactory connectionFactory) in /home/runner/work/ServiceStack/ServiceStack/ServiceStack.OrmLite/src/ServiceStack.OrmLite/OrmLiteConnectionFactory.cs:line 330
   at HMSDAL.Common.MySqlOrmLite.Open() in D:\Programming\HMS\HMSAPI\API\HMSDAL\Common\MySqlOrmLite.cs:line 42
   at HMSBAL.Services.Auth.BLLoginHandler.Login(Login objLogin) in D:\Programming\HMS\HMSAPI\API\HMSBAL\Services\Auth\BLLoginHandler.cs:line 269
   at HMSAPI.Controllers.Auth.CLLoginController.Login(Login objLogin) in D:\Programming\HMS\HMSAPI\API\HMSAPI\Controllers\Auth\CLLoginController.cs:line 40
   at lambda_method2(Closure, Object, Object[])
   at Microsoft.AspNetCore.Mvc.Infrastructure.ActionMethodExecutor.SyncActionResultExecutor.Execute(ActionContext actionContext, IActionResultTypeMapper mapper, ObjectMethodExecutor executor, Object controller, Object[] arguments)
   at Microsoft.AspNetCore.Mvc.Infrastructure.ControllerActionInvoker.InvokeActionMethodAsync()
   at Microsoft.AspNetCore.Mvc.Infrastructure.ControllerActionInvoker.Next(State& next, Scope& scope, Object& state, Boolean& isCompleted)
   at Microsoft.AspNetCore.Mvc.Infrastructure.ControllerActionInvoker.InvokeNextActionFilterAsync()
--- End of stack trace from previous location ---
   at Microsoft.AspNetCore.Mvc.Infrastructure.ControllerActionInvoker.Rethrow(ActionExecutedContextSealed context)
   at Microsoft.AspNetCore.Mvc.Infrastructure.ControllerActionInvoker.Next(State& next, Scope& scope, Object& state, Boolean& isCompleted)
   at Microsoft.AspNetCore.Mvc.Infrastructure.ControllerActionInvoker.InvokeInnerFilterAsync()
--- End of stack trace from previous location ---
   at Microsoft.AspNetCore.Mvc.Infrastructure.ResourceInvoker.<InvokeFilterPipelineAsync>g__Awaited|20_0(ResourceInvoker invoker, Task lastTask, State next, Scope scope, Object state, Boolean isCompleted)
   at Microsoft.AspNetCore.Mvc.Infrastructure.ResourceInvoker.<InvokeAsync>g__Logged|17_1(ResourceInvoker invoker)
   at Microsoft.AspNetCore.Mvc.Infrastructure.ResourceInvoker.<InvokeAsync>g__Logged|17_1(ResourceInvoker invoker)
   at Microsoft.AspNetCore.Routing.EndpointMiddleware.<Invoke>g__AwaitRequestTask|7_0(Endpoint endpoint, Task requestTask, ILogger logger)
   at Microsoft.AspNetCore.Authorization.AuthorizationMiddleware.Invoke(HttpContext context)
   at Microsoft.AspNetCore.Authentication.AuthenticationMiddleware.Invoke(HttpContext context)
   at Swashbuckle.AspNetCore.SwaggerUI.SwaggerUIMiddleware.Invoke(HttpContext httpContext)
   at Swashbuckle.AspNetCore.Swagger.SwaggerMiddleware.Invoke(HttpContext httpContext, ISwaggerProvider swaggerProvider)
   at Microsoft.AspNetCore.Diagnostics.DeveloperExceptionPageMiddlewareImpl.Invoke(HttpContext context)
2025-11-06 23:05:16.3260 | ERROR | Microsoft.AspNetCore.Diagnostics.DeveloperExceptionPageMiddleware | An unhandled exception has occurred while executing the request. Authentication to host 'localhost' for user 'root' using method 'caching_sha2_password' failed with message: Access denied for user 'root'@'localhost' (using password: YES)    at MySql.Data.MySqlClient.Authentication.MySqlAuthenticationPlugin.AuthenticationFailed(MySqlException ex)
   at MySql.Data.MySqlClient.Authentication.MySqlAuthenticationPlugin.ReadPacketAsync(Boolean execAsync)
   at MySql.Data.MySqlClient.Authentication.MySqlAuthenticationPlugin.ContinueAuthenticationAsync(Boolean execAsync, Byte[] data)
   at MySql.Data.MySqlClient.Authentication.MySqlAuthenticationPlugin.AuthenticateAsync(Boolean reset, Boolean execAsync)
   at MySql.Data.MySqlClient.NativeDriver.AuthenticateAsync(String authMethod, Boolean reset, Boolean execAsync)
   at MySql.Data.MySqlClient.NativeDriver.OpenAsync(Boolean execAsync, CancellationToken cancellationToken)
   at MySql.Data.MySqlClient.NativeDriver.OpenAsync(Boolean execAsync, CancellationToken cancellationToken)
   at MySql.Data.MySqlClient.Driver.OpenAsync(Boolean execAsync, CancellationToken cancellationToken)
   at MySql.Data.MySqlClient.Driver.CreateAsync(MySqlConnectionStringBuilder settings, Boolean execAsync, CancellationToken cancellationToken)
   at MySql.Data.MySqlClient.Driver.CreateAsync(MySqlConnectionStringBuilder settings, Boolean execAsync, CancellationToken cancellationToken)
   at MySql.Data.MySqlClient.MySqlPool.CreateNewPooledConnectionAsync(Boolean execAsync, CancellationToken cancellationToken)
   at MySql.Data.MySqlClient.MySqlPool.GetPooledConnectionAsync(Boolean execAsync, CancellationToken cancellationToken)
   at MySql.Data.MySqlClient.MySqlPool.TryToGetDriverAsync(Boolean execAsync, CancellationToken cancellationToken)
   at MySql.Data.MySqlClient.MySqlPool.GetConnectionAsync(Boolean execAsync, CancellationToken cancellationToken)
   at MySql.Data.MySqlClient.MySqlConnection.OpenAsync(Boolean execAsync, CancellationToken cancellationToken)
   at MySql.Data.MySqlClient.MySqlConnection.Open()
   at ServiceStack.OrmLite.OrmLiteConnection.Open() in /home/runner/work/ServiceStack/ServiceStack/ServiceStack.OrmLite/src/ServiceStack.OrmLite/OrmLiteConnection.cs:line 153
   at ServiceStack.OrmLite.OrmLiteConnectionFactory.OpenDbConnection() in /home/runner/work/ServiceStack/ServiceStack/ServiceStack.OrmLite/src/ServiceStack.OrmLite/OrmLiteConnectionFactory.cs:line 112
   at ServiceStack.OrmLite.OrmLiteConnectionFactoryExtensions.Open(IDbConnectionFactory connectionFactory) in /home/runner/work/ServiceStack/ServiceStack/ServiceStack.OrmLite/src/ServiceStack.OrmLite/OrmLiteConnectionFactory.cs:line 330
   at HMSDAL.Common.MySqlOrmLite.Open() in D:\Programming\HMS\HMSAPI\API\HMSDAL\Common\MySqlOrmLite.cs:line 42
   at HMSBAL.Services.Auth.BLLoginHandler.Login(Login objLogin) in D:\Programming\HMS\HMSAPI\API\HMSBAL\Services\Auth\BLLoginHandler.cs:line 269
   at HMSAPI.Controllers.Auth.CLLoginController.Login(Login objLogin) in D:\Programming\HMS\HMSAPI\API\HMSAPI\Controllers\Auth\CLLoginController.cs:line 40
   at lambda_method2(Closure, Object, Object[])
   at Microsoft.AspNetCore.Mvc.Infrastructure.ActionMethodExecutor.SyncActionResultExecutor.Execute(ActionContext actionContext, IActionResultTypeMapper mapper, ObjectMethodExecutor executor, Object controller, Object[] arguments)
   at Microsoft.AspNetCore.Mvc.Infrastructure.ControllerActionInvoker.InvokeActionMethodAsync()
   at Microsoft.AspNetCore.Mvc.Infrastructure.ControllerActionInvoker.Next(State& next, Scope& scope, Object& state, Boolean& isCompleted)
   at Microsoft.AspNetCore.Mvc.Infrastructure.ControllerActionInvoker.InvokeNextActionFilterAsync()
--- End of stack trace from previous location ---
   at Microsoft.AspNetCore.Mvc.Infrastructure.ControllerActionInvoker.Rethrow(ActionExecutedContextSealed context)
   at Microsoft.AspNetCore.Mvc.Infrastructure.ControllerActionInvoker.Next(State& next, Scope& scope, Object& state, Boolean& isCompleted)
   at Microsoft.AspNetCore.Mvc.Infrastructure.ControllerActionInvoker.InvokeInnerFilterAsync()
--- End of stack trace from previous location ---
   at Microsoft.AspNetCore.Mvc.Infrastructure.ResourceInvoker.<InvokeFilterPipelineAsync>g__Awaited|20_0(ResourceInvoker invoker, Task lastTask, State next, Scope scope, Object state, Boolean isCompleted)
   at Microsoft.AspNetCore.Mvc.Infrastructure.ResourceInvoker.<InvokeAsync>g__Logged|17_1(ResourceInvoker invoker)
   at Microsoft.AspNetCore.Mvc.Infrastructure.ResourceInvoker.<InvokeAsync>g__Logged|17_1(ResourceInvoker invoker)
   at Microsoft.AspNetCore.Routing.EndpointMiddleware.<Invoke>g__AwaitRequestTask|7_0(Endpoint endpoint, Task requestTask, ILogger logger)
   at Microsoft.AspNetCore.Authorization.AuthorizationMiddleware.Invoke(HttpContext context)
   at Microsoft.AspNetCore.Authentication.AuthenticationMiddleware.Invoke(HttpContext context)
   at Swashbuckle.AspNetCore.SwaggerUI.SwaggerUIMiddleware.Invoke(HttpContext httpContext)
   at Swashbuckle.AspNetCore.Swagger.SwaggerMiddleware.Invoke(HttpContext httpContext, ISwaggerProvider swaggerProvider)
   at Microsoft.AspNetCore.Diagnostics.DeveloperExceptionPageMiddlewareImpl.Invoke(HttpContext context)
